[35m[Appium][39m Welcome to Appium v2.5.0
[35m[Appium][39m Non-default server args:
[35m[Appium][39m { basePath: [32m'/wd/hub'[39m, loglevel: [32m'info'[39m, port: [33m11887[39m }
[35m[Appium][39m Attempting to load driver uiautomator2...
[35m[Appium][39m Appium REST http interface listener started on http://0.0.0.0:11887/wd/hub
[35m[Appium][39m You can provide the following URLs in your client code to connect to this server:
[35m[Appium][39m 	http://192.168.0.111:11887/wd/hub
[35m[Appium][39m 	http://127.0.0.1:11887/wd/hub (only accessible from the same host)
[35m[Appium][39m 	http://172.31.160.1:11887/wd/hub
[35m[Appium][39m Available drivers:
[35m[Appium][39m   - uiautomator2@3.0.0 (automationName 'UiAutomator2')
[35m[Appium][39m No plugins have been installed. Use the "appium plugin" command to install the one(s) you want to use.
[38;5;0m[HTTP][0m [37m-->[39m [37mGET[39m [37m/wd/hub/status[39m
[38;5;0m[HTTP][0m [90m{}[39m
[38;5;0m[HTTP][0m [37m<-- GET /wd/hub/status [39m[32m200[39m [90m10 ms - 110[39m
[38;5;0m[HTTP][0m [90m[39m
[38;5;0m[HTTP][0m [37m-->[39m [37mPOST[39m [37m/wd/hub/session[39m
[38;5;0m[HTTP][0m [90m{"desiredCapabilities":{"appium:systemPort":11885,"appium:newCommandTimeout":1800,"appium:automationName":"uiautomator2","appium:fullReset":true,"appium:platformVersion":"8.1.0","appium:noReset":false,"appium:udid":"emulator-5554","appium:autoGrantPermissions":true,"appium:platformName":"ANDROID","appium:deviceName":"emulator-5554 (Android SDK built for x86 - Android 8.1.0)","platformName":"Android","appium:app":"E:\\BFLP IT Batch 9\\9. Bootcamp\\3. Final Project Mobile\\Advantage+demo+3.2.apk"},"capabilities":{"firstMatch":[{"appium:app":"E:\\BFLP IT Batch 9\\9. Bootcamp\\3. Final Project Mobile\\Advantage+demo+3.2.apk","appium:autoGrantPermissions":true,"appium:automationName":"uiautomator2","appium:deviceName":"emulator-5554 (Android SDK built for x86 - Android 8.1.0)","appium:fullReset":true,"appium:newCommandTimeout":1800,"appium:noReset":false,"appium:platformName":"ANDROID","appium:platformVersion":"8.1.0","appium:systemPort":11885,"appium:udid":"emulator-5554","platformName":"android"}]}}[39m
[38;5;32m[BaseDriver][0m Ignoring capability 'appium:platformName=ANDROID' and using capability 'platformName=android'
[38;5;32m[BaseDriver][0m The capabilities ["platformName"] are standard capabilities and do not require "appium:" prefix
[35m[Appium][39m Attempting to find matching driver for automationName 'uiautomator2' and platformName 'android'
[35m[Appium][39m The 'uiautomator2' driver was installed and matched caps.
[35m[Appium][39m Will require it at C:\Users\ACER\.appium\node_modules\appium-uiautomator2-driver
[38;5;16m[AppiumDriver@f0a6][0m Appium v2.5.0 creating new AndroidUiautomator2Driver (v3.0.0) session
[38;5;16m[AppiumDriver@f0a6][0m Checking BaseDriver versions for Appium and AndroidUiautomator2Driver
[38;5;16m[AppiumDriver@f0a6][0m Appium's BaseDriver version is 9.5.1
[38;5;16m[AppiumDriver@f0a6][0m AndroidUiautomator2Driver's BaseDriver version is 9.5.1
[38;5;48m[AndroidUiautomator2Driver@ce4e (c75bc666)][0m Session created with session id: c75bc666-8f42-4c12-8042-be9f6a91769a
[38;5;64m[ADB][0m Found 1 'build-tools' folders under 'C:\Users\ACER\.katalon\tools\android_sdk' (newest first):
[38;5;64m[ADB][0m     C:\Users\ACER\.katalon\tools\android_sdk\build-tools\29.0.3
[38;5;64m[ADB][0m Using 'adb.exe' from 'C:\Users\ACER\.katalon\tools\android_sdk\platform-tools\adb.exe'
[38;5;48m[AndroidUiautomator2Driver@ce4e (c75bc666)][0m Retrieving device list
[38;5;48m[AndroidUiautomator2Driver@ce4e (c75bc666)][0m Using device: emulator-5554
[38;5;64m[ADB][0m Using 'adb.exe' from 'C:\Users\ACER\.katalon\tools\android_sdk\platform-tools\adb.exe'
[38;5;32m[BaseDriver][0m Using local app 'E:\BFLP IT Batch 9\9. Bootcamp\3. Final Project Mobile\Advantage+demo+3.2.apk'
[38;5;64m[ADB][0m Package name: 'com.Advantage.aShopping'
[38;5;64m[ADB][0m Main activity name: 'com.Advantage.aShopping.SplashActivity'
[38;5;64m[ADB][0m Using 'apksigner.jar' from 'C:\Users\ACER\.katalon\tools\android_sdk\build-tools\29.0.3\lib\apksigner.jar'
[38;5;64m[ADB][0m 'C:\Users\ACER\.appium\node_modules\appium-uiautomator2-driver\node_modules\appium-uiautomator2-server\apks\appium-uiautomator2-server-debug-androidTest.apk' is signed with the default certificate
[38;5;64m[ADB][0m 'E:\BFLP IT Batch 9\9. Bootcamp\3. Final Project Mobile\Advantage+demo+3.2.apk' is signed with a non-default certificate
[38;5;64m[ADB][0m com.Advantage.aShopping was not uninstalled, because it was not present on the device
[38;5;64m[ADB][0m 'C:\Users\ACER\.appium\node_modules\appium-uiautomator2-driver\node_modules\appium-uiautomator2-server\apks\appium-uiautomator2-server-v7.0.0.apk' is signed with the default certificate
[38;5;64m[ADB][0m The application at 'E:\BFLP IT Batch 9\9. Bootcamp\3. Final Project Mobile\Advantage+demo+3.2.apk' will not be cached, because the device under test has confirmed the support of streamed installs
[38;5;48m[AndroidUiautomator2Driver@ce4e (c75bc666)][0m Server packages are not going to be (re)installed
[38;5;64m[ADB][0m Adding packages ["io.appium.settings","io.appium.uiautomator2.server","io.appium.uiautomator2.server.test"] to Doze whitelist
[38;5;64m[ADB][0m The installation of 'Advantage+demo+3.2.apk' took 1791ms
[38;5;48m[AndroidUiautomator2Driver@ce4e (c75bc666)][0m Starting UIAutomator2 server 7.0.0
[38;5;48m[AndroidUiautomator2Driver@ce4e (c75bc666)][0m Using UIAutomator2 server from 'C:\Users\ACER\.appium\node_modules\appium-uiautomator2-driver\node_modules\appium-uiautomator2-server\apks\appium-uiautomator2-server-v7.0.0.apk' and test from 'C:\Users\ACER\.appium\node_modules\appium-uiautomator2-driver\node_modules\appium-uiautomator2-server\apks\appium-uiautomator2-server-debug-androidTest.apk'
[38;5;48m[AndroidUiautomator2Driver@ce4e (c75bc666)][0m Waiting up to 30000ms for UiAutomator2 to be online...
[38;5;48m[AndroidUiautomator2Driver@ce4e (c75bc666)][0m socket hang up
[38;5;48m[AndroidUiautomator2Driver@ce4e (c75bc666)][0m socket hang up
[38;5;48m[AndroidUiautomator2Driver@ce4e (c75bc666)][0m Determined the downstream protocol as 'W3C'
[38;5;48m[AndroidUiautomator2Driver@ce4e (c75bc666)][0m Screen already unlocked, doing nothing
[38;5;48m[AndroidUiautomator2Driver@ce4e (c75bc666)][0m Starting 'com.Advantage.aShopping/com.Advantage.aShopping.SplashActivity and waiting for 'com.Advantage.aShopping/com.Advantage.aShopping.SplashActivity'
[38;5;16m[AppiumDriver@f0a6][0m New AndroidUiautomator2Driver session created successfully, session c75bc666-8f42-4c12-8042-be9f6a91769a added to master session list
[38;5;0m[HTTP][0m [37m<-- POST /wd/hub/session [39m[32m200[39m [90m8872 ms - 1308[39m
[38;5;0m[HTTP][0m [90m[39m
[38;5;0m[HTTP][0m [37m-->[39m [37mGET[39m [37m/wd/hub/session/c75bc666-8f42-4c12-8042-be9f6a91769a[39m
[38;5;0m[HTTP][0m [90m{}[39m
[38;5;0m[HTTP][0m [37m<-- GET /wd/hub/session/c75bc666-8f42-4c12-8042-be9f6a91769a [39m[32m200[39m [90m35 ms - 407[39m
[38;5;0m[HTTP][0m [90m[39m
[38;5;0m[HTTP][0m [37m-->[39m [37mGET[39m [37m/wd/hub/session/c75bc666-8f42-4c12-8042-be9f6a91769a[39m
[38;5;0m[HTTP][0m [90m{}[39m
[38;5;0m[HTTP][0m [37m<-- GET /wd/hub/session/c75bc666-8f42-4c12-8042-be9f6a91769a [39m[32m200[39m [90m36 ms - 407[39m
[38;5;0m[HTTP][0m [90m[39m
[38;5;0m[HTTP][0m [37m-->[39m [37mGET[39m [37m/wd/hub/status[39m
[38;5;0m[HTTP][0m [90m{}[39m
[38;5;0m[HTTP][0m [37m<-- GET /wd/hub/status [39m[32m200[39m [90m2 ms - 110[39m
[38;5;0m[HTTP][0m [90m[39m
[38;5;0m[HTTP][0m [37m-->[39m [37mPOST[39m [37m/wd/hub/session/c75bc666-8f42-4c12-8042-be9f6a91769a/timeouts[39m
[38;5;0m[HTTP][0m [90m{"implicit":30000}[39m
[38;5;0m[HTTP][0m [37m<-- POST /wd/hub/session/c75bc666-8f42-4c12-8042-be9f6a91769a/timeouts [39m[32m200[39m [90m5 ms - 14[39m
[38;5;0m[HTTP][0m [90m[39m
[38;5;0m[HTTP][0m [37m-->[39m [37mGET[39m [37m/wd/hub/session/c75bc666-8f42-4c12-8042-be9f6a91769a/appium/device/system_bars[39m
[38;5;0m[HTTP][0m [90m{}[39m
[38;5;0m[HTTP][0m [37m<-- GET /wd/hub/session/c75bc666-8f42-4c12-8042-be9f6a91769a/appium/device/system_bars [39m[32m200[39m [90m124 ms - 151[39m
[38;5;0m[HTTP][0m [90m[39m
[38;5;0m[HTTP][0m [37m-->[39m [37mPOST[39m [37m/wd/hub/session/c75bc666-8f42-4c12-8042-be9f6a91769a/timeouts[39m
[38;5;0m[HTTP][0m [90m{"implicit":50}[39m
[38;5;0m[HTTP][0m [37m<-- POST /wd/hub/session/c75bc666-8f42-4c12-8042-be9f6a91769a/timeouts [39m[32m200[39m [90m3 ms - 14[39m
[38;5;0m[HTTP][0m [90m[39m
[38;5;0m[HTTP][0m [37m-->[39m [37mGET[39m [37m/wd/hub/session/c75bc666-8f42-4c12-8042-be9f6a91769a/window/rect[39m
[38;5;0m[HTTP][0m [90m{}[39m
[38;5;0m[HTTP][0m [37m<-- GET /wd/hub/session/c75bc666-8f42-4c12-8042-be9f6a91769a/window/rect [39m[32m200[39m [90m37 ms - 50[39m
[38;5;0m[HTTP][0m [90m[39m
[38;5;0m[HTTP][0m [37m-->[39m [37mPOST[39m [37m/wd/hub/session/c75bc666-8f42-4c12-8042-be9f6a91769a/elements[39m
[38;5;0m[HTTP][0m [90m{"using":"xpath","value":"//*[@class = 'android.widget.ImageView' and @resource-id = 'com.Advantage.aShopping:id/imageViewMenu' and (@text = '' or . = '')]"}[39m
[38;5;0m[HTTP][0m [37m<-- POST /wd/hub/session/c75bc666-8f42-4c12-8042-be9f6a91769a/elements [39m[32m200[39m [90m1804 ms - 139[39m
[38;5;0m[HTTP][0m [90m[39m
[38;5;0m[HTTP][0m [37m-->[39m [37mGET[39m [37m/wd/hub/session/c75bc666-8f42-4c12-8042-be9f6a91769a/element/00000000-0000-091b-ffff-ffff0000000d/location[39m
[38;5;0m[HTTP][0m [90m{}[39m
[38;5;48m[AndroidUiautomator2Driver@ce4e (c75bc666)][0m Driver proxy active, passing request on via HTTP proxy
[38;5;48m[AndroidUiautomator2Driver@ce4e (c75bc666)][0m Replacing sessionId 42ce692d-3227-4bd3-bfb8-9801aa7e96ca with c75bc666-8f42-4c12-8042-be9f6a91769a
[38;5;0m[HTTP][0m [37m<-- GET /wd/hub/session/c75bc666-8f42-4c12-8042-be9f6a91769a/element/00000000-0000-091b-ffff-ffff0000000d/location [39m[32m200[39m [90m45 ms - 75[39m
[38;5;0m[HTTP][0m [90m[39m
[38;5;0m[HTTP][0m [37m-->[39m [37mPOST[39m [37m/wd/hub/session/c75bc666-8f42-4c12-8042-be9f6a91769a/timeouts[39m
[38;5;0m[HTTP][0m [90m{"implicit":30000}[39m
[38;5;0m[HTTP][0m [37m<-- POST /wd/hub/session/c75bc666-8f42-4c12-8042-be9f6a91769a/timeouts [39m[32m200[39m [90m2 ms - 14[39m
[38;5;0m[HTTP][0m [90m[39m
[38;5;0m[HTTP][0m [37m-->[39m [37mPOST[39m [37m/wd/hub/session/c75bc666-8f42-4c12-8042-be9f6a91769a/element/00000000-0000-091b-ffff-ffff0000000d/click[39m
[38;5;0m[HTTP][0m [90m{"id":"00000000-0000-091b-ffff-ffff0000000d"}[39m
[38;5;0m[HTTP][0m [37m<-- POST /wd/hub/session/c75bc666-8f42-4c12-8042-be9f6a91769a/element/00000000-0000-091b-ffff-ffff0000000d/click [39m[32m200[39m [90m70 ms - 14[39m
[38;5;0m[HTTP][0m [90m[39m
[38;5;0m[HTTP][0m [37m-->[39m [37mPOST[39m [37m/wd/hub/session/c75bc666-8f42-4c12-8042-be9f6a91769a/timeouts[39m
[38;5;0m[HTTP][0m [90m{"implicit":50}[39m
[38;5;0m[HTTP][0m [37m<-- POST /wd/hub/session/c75bc666-8f42-4c12-8042-be9f6a91769a/timeouts [39m[32m200[39m [90m2 ms - 14[39m
[38;5;0m[HTTP][0m [90m[39m
[38;5;0m[HTTP][0m [37m-->[39m [37mGET[39m [37m/wd/hub/session/c75bc666-8f42-4c12-8042-be9f6a91769a/window/rect[39m
[38;5;0m[HTTP][0m [90m{}[39m
[38;5;0m[HTTP][0m [37m<-- GET /wd/hub/session/c75bc666-8f42-4c12-8042-be9f6a91769a/window/rect [39m[32m200[39m [90m28 ms - 50[39m
[38;5;0m[HTTP][0m [90m[39m
[38;5;0m[HTTP][0m [37m-->[39m [37mPOST[39m [37m/wd/hub/session/c75bc666-8f42-4c12-8042-be9f6a91769a/elements[39m
[38;5;0m[HTTP][0m [90m{"using":"xpath","value":"//*[@class = 'android.widget.LinearLayout' and @resource-id = 'com.Advantage.aShopping:id/linearLayoutLogin' and (@text = '' or . = '')]"}[39m
[38;5;0m[HTTP][0m [37m<-- POST /wd/hub/session/c75bc666-8f42-4c12-8042-be9f6a91769a/elements [39m[32m200[39m [90m1194 ms - 139[39m
[38;5;0m[HTTP][0m [90m[39m
[38;5;0m[HTTP][0m [37m-->[39m [37mGET[39m [37m/wd/hub/session/c75bc666-8f42-4c12-8042-be9f6a91769a/element/00000000-0000-091b-ffff-ffff0000002d/location[39m
[38;5;0m[HTTP][0m [90m{}[39m
[38;5;48m[AndroidUiautomator2Driver@ce4e (c75bc666)][0m Driver proxy active, passing request on via HTTP proxy
[38;5;48m[AndroidUiautomator2Driver@ce4e (c75bc666)][0m Replacing sessionId 42ce692d-3227-4bd3-bfb8-9801aa7e96ca with c75bc666-8f42-4c12-8042-be9f6a91769a
[38;5;0m[HTTP][0m [37m<-- GET /wd/hub/session/c75bc666-8f42-4c12-8042-be9f6a91769a/element/00000000-0000-091b-ffff-ffff0000002d/location [39m[32m200[39m [90m26 ms - 76[39m
[38;5;0m[HTTP][0m [90m[39m
[38;5;0m[HTTP][0m [37m-->[39m [37mPOST[39m [37m/wd/hub/session/c75bc666-8f42-4c12-8042-be9f6a91769a/timeouts[39m
[38;5;0m[HTTP][0m [90m{"implicit":30000}[39m
[38;5;0m[HTTP][0m [37m<-- POST /wd/hub/session/c75bc666-8f42-4c12-8042-be9f6a91769a/timeouts [39m[32m200[39m [90m2 ms - 14[39m
[38;5;0m[HTTP][0m [90m[39m
[38;5;0m[HTTP][0m [37m-->[39m [37mPOST[39m [37m/wd/hub/session/c75bc666-8f42-4c12-8042-be9f6a91769a/element/00000000-0000-091b-ffff-ffff0000002d/click[39m
[38;5;0m[HTTP][0m [90m{"id":"00000000-0000-091b-ffff-ffff0000002d"}[39m
[38;5;0m[HTTP][0m [37m<-- POST /wd/hub/session/c75bc666-8f42-4c12-8042-be9f6a91769a/element/00000000-0000-091b-ffff-ffff0000002d/click [39m[32m200[39m [90m50 ms - 14[39m
[38;5;0m[HTTP][0m [90m[39m
[38;5;0m[HTTP][0m [37m-->[39m [37mPOST[39m [37m/wd/hub/session/c75bc666-8f42-4c12-8042-be9f6a91769a/timeouts[39m
[38;5;0m[HTTP][0m [90m{"implicit":50}[39m
[38;5;0m[HTTP][0m [37m<-- POST /wd/hub/session/c75bc666-8f42-4c12-8042-be9f6a91769a/timeouts [39m[32m200[39m [90m3 ms - 14[39m
[38;5;0m[HTTP][0m [90m[39m
[38;5;0m[HTTP][0m [37m-->[39m [37mGET[39m [37m/wd/hub/session/c75bc666-8f42-4c12-8042-be9f6a91769a/window/rect[39m
[38;5;0m[HTTP][0m [90m{}[39m
[38;5;0m[HTTP][0m [37m<-- GET /wd/hub/session/c75bc666-8f42-4c12-8042-be9f6a91769a/window/rect [39m[32m200[39m [90m25 ms - 50[39m
[38;5;0m[HTTP][0m [90m[39m
[38;5;0m[HTTP][0m [37m-->[39m [37mPOST[39m [37m/wd/hub/session/c75bc666-8f42-4c12-8042-be9f6a91769a/elements[39m
[38;5;0m[HTTP][0m [90m{"using":"xpath","value":"//hierarchy/android.widget.FrameLayout[1]/android.widget.LinearLayout[1]/android.widget.FrameLayout[1]/android.widget.LinearLayout[1]/android.widget.FrameLayout[1]/android.widget.RelativeLayout[1]/android.widget.LinearLayout[2]/android.widget.RelativeLayout[3]/android.widget.EditText[1]"}[39m
[38;5;0m[HTTP][0m [37m<-- POST /wd/hub/session/c75bc666-8f42-4c12-8042-be9f6a91769a/elements [39m[32m200[39m [90m1353 ms - 139[39m
[38;5;0m[HTTP][0m [90m[39m
[38;5;0m[HTTP][0m [37m-->[39m [37mGET[39m [37m/wd/hub/session/c75bc666-8f42-4c12-8042-be9f6a91769a/element/00000000-0000-091c-ffff-ffff0000004e/location[39m
[38;5;0m[HTTP][0m [90m{}[39m
[38;5;48m[AndroidUiautomator2Driver@ce4e (c75bc666)][0m Driver proxy active, passing request on via HTTP proxy
[38;5;48m[AndroidUiautomator2Driver@ce4e (c75bc666)][0m Replacing sessionId 42ce692d-3227-4bd3-bfb8-9801aa7e96ca with c75bc666-8f42-4c12-8042-be9f6a91769a
[38;5;0m[HTTP][0m [37m<-- GET /wd/hub/session/c75bc666-8f42-4c12-8042-be9f6a91769a/element/00000000-0000-091c-ffff-ffff0000004e/location [39m[32m200[39m [90m25 ms - 77[39m
[38;5;0m[HTTP][0m [90m[39m
[38;5;0m[HTTP][0m [37m-->[39m [37mPOST[39m [37m/wd/hub/session/c75bc666-8f42-4c12-8042-be9f6a91769a/timeouts[39m
[38;5;0m[HTTP][0m [90m{"implicit":30000}[39m
[38;5;0m[HTTP][0m [37m<-- POST /wd/hub/session/c75bc666-8f42-4c12-8042-be9f6a91769a/timeouts [39m[32m200[39m [90m2 ms - 14[39m
[38;5;0m[HTTP][0m [90m[39m
[38;5;0m[HTTP][0m [37m-->[39m [37mPOST[39m [37m/wd/hub/session/c75bc666-8f42-4c12-8042-be9f6a91769a/element/00000000-0000-091c-ffff-ffff0000004e/clear[39m
[38;5;0m[HTTP][0m [90m{"id":"00000000-0000-091c-ffff-ffff0000004e"}[39m
[38;5;0m[HTTP][0m [37m<-- POST /wd/hub/session/c75bc666-8f42-4c12-8042-be9f6a91769a/element/00000000-0000-091c-ffff-ffff0000004e/clear [39m[32m200[39m [90m39 ms - 14[39m
[38;5;0m[HTTP][0m [90m[39m
[38;5;0m[HTTP][0m [37m-->[39m [37mPOST[39m [37m/wd/hub/session/c75bc666-8f42-4c12-8042-be9f6a91769a/element/00000000-0000-091c-ffff-ffff0000004e/click[39m
[38;5;0m[HTTP][0m [90m{"id":"00000000-0000-091c-ffff-ffff0000004e"}[39m
[38;5;0m[HTTP][0m [37m<-- POST /wd/hub/session/c75bc666-8f42-4c12-8042-be9f6a91769a/element/00000000-0000-091c-ffff-ffff0000004e/click [39m[32m200[39m [90m613 ms - 14[39m
[38;5;0m[HTTP][0m [90m[39m
[38;5;0m[HTTP][0m [37m-->[39m [37mPOST[39m [37m/wd/hub/session/c75bc666-8f42-4c12-8042-be9f6a91769a/element/00000000-0000-091c-ffff-ffff0000004e/value[39m
[38;5;0m[HTTP][0m [90m{"id":"00000000-0000-091c-ffff-ffff0000004e","text":"yudhatesting2","value":["y","u","d","h","a","t","e","s","t","i","n","g","2"]}[39m
[38;5;0m[HTTP][0m [37m<-- POST /wd/hub/session/c75bc666-8f42-4c12-8042-be9f6a91769a/element/00000000-0000-091c-ffff-ffff0000004e/value [39m[32m200[39m [90m1124 ms - 14[39m
[38;5;0m[HTTP][0m [90m[39m
[38;5;0m[HTTP][0m [37m-->[39m [37mPOST[39m [37m/wd/hub/session/c75bc666-8f42-4c12-8042-be9f6a91769a/timeouts[39m
[38;5;0m[HTTP][0m [90m{"implicit":50}[39m
[38;5;0m[HTTP][0m [37m<-- POST /wd/hub/session/c75bc666-8f42-4c12-8042-be9f6a91769a/timeouts [39m[32m200[39m [90m4 ms - 14[39m
[38;5;0m[HTTP][0m [90m[39m
[38;5;0m[HTTP][0m [37m-->[39m [37mGET[39m [37m/wd/hub/session/c75bc666-8f42-4c12-8042-be9f6a91769a/window/rect[39m
[38;5;0m[HTTP][0m [90m{}[39m
[38;5;0m[HTTP][0m [37m<-- GET /wd/hub/session/c75bc666-8f42-4c12-8042-be9f6a91769a/window/rect [39m[32m200[39m [90m16 ms - 50[39m
[38;5;0m[HTTP][0m [90m[39m
[38;5;0m[HTTP][0m [37m-->[39m [37mPOST[39m [37m/wd/hub/session/c75bc666-8f42-4c12-8042-be9f6a91769a/elements[39m
[38;5;0m[HTTP][0m [90m{"using":"xpath","value":"//hierarchy/android.widget.FrameLayout[1]/android.widget.LinearLayout[1]/android.widget.FrameLayout[1]/android.widget.LinearLayout[1]/android.widget.FrameLayout[1]/android.widget.RelativeLayout[1]/android.widget.LinearLayout[2]/android.widget.RelativeLayout[4]/android.widget.EditText[1]"}[39m
[38;5;0m[HTTP][0m [37m<-- POST /wd/hub/session/c75bc666-8f42-4c12-8042-be9f6a91769a/elements [39m[32m200[39m [90m617 ms - 139[39m
[38;5;0m[HTTP][0m [90m[39m
[38;5;0m[HTTP][0m [37m-->[39m [37mGET[39m [37m/wd/hub/session/c75bc666-8f42-4c12-8042-be9f6a91769a/element/00000000-0000-091c-ffff-ffff00000065/location[39m
[38;5;0m[HTTP][0m [90m{}[39m
[38;5;48m[AndroidUiautomator2Driver@ce4e (c75bc666)][0m Driver proxy active, passing request on via HTTP proxy
[38;5;48m[AndroidUiautomator2Driver@ce4e (c75bc666)][0m Replacing sessionId 42ce692d-3227-4bd3-bfb8-9801aa7e96ca with c75bc666-8f42-4c12-8042-be9f6a91769a
[38;5;0m[HTTP][0m [37m<-- GET /wd/hub/session/c75bc666-8f42-4c12-8042-be9f6a91769a/element/00000000-0000-091c-ffff-ffff00000065/location [39m[32m200[39m [90m18 ms - 77[39m
[38;5;0m[HTTP][0m [90m[39m
[38;5;0m[HTTP][0m [37m-->[39m [37mPOST[39m [37m/wd/hub/session/c75bc666-8f42-4c12-8042-be9f6a91769a/timeouts[39m
[38;5;0m[HTTP][0m [90m{"implicit":30000}[39m
[38;5;0m[HTTP][0m [37m<-- POST /wd/hub/session/c75bc666-8f42-4c12-8042-be9f6a91769a/timeouts [39m[32m200[39m [90m1 ms - 14[39m
[38;5;0m[HTTP][0m [90m[39m
[38;5;0m[HTTP][0m [37m-->[39m [37mPOST[39m [37m/wd/hub/session/c75bc666-8f42-4c12-8042-be9f6a91769a/element/00000000-0000-091c-ffff-ffff00000065/clear[39m
[38;5;0m[HTTP][0m [90m{"id":"00000000-0000-091c-ffff-ffff00000065"}[39m
[38;5;0m[HTTP][0m [37m<-- POST /wd/hub/session/c75bc666-8f42-4c12-8042-be9f6a91769a/element/00000000-0000-091c-ffff-ffff00000065/clear [39m[32m200[39m [90m19 ms - 14[39m
[38;5;0m[HTTP][0m [90m[39m
[38;5;0m[HTTP][0m [37m-->[39m [37mPOST[39m [37m/wd/hub/session/c75bc666-8f42-4c12-8042-be9f6a91769a/element/00000000-0000-091c-ffff-ffff00000065/click[39m
[38;5;0m[HTTP][0m [90m{"id":"00000000-0000-091c-ffff-ffff00000065"}[39m
[38;5;0m[HTTP][0m [37m<-- POST /wd/hub/session/c75bc666-8f42-4c12-8042-be9f6a91769a/element/00000000-0000-091c-ffff-ffff00000065/click [39m[32m200[39m [90m632 ms - 14[39m
[38;5;0m[HTTP][0m [90m[39m
[38;5;0m[HTTP][0m [37m-->[39m [37mPOST[39m [37m/wd/hub/session/c75bc666-8f42-4c12-8042-be9f6a91769a/element/00000000-0000-091c-ffff-ffff00000065/value[39m
[38;5;0m[HTTP][0m [90m{"id":"00000000-0000-091c-ffff-ffff00000065","text":"Dharmayudha2","value":["D","h","a","r","m","a","y","u","d","h","a","2"]}[39m
[38;5;0m[HTTP][0m [37m<-- POST /wd/hub/session/c75bc666-8f42-4c12-8042-be9f6a91769a/element/00000000-0000-091c-ffff-ffff00000065/value [39m[32m200[39m [90m640 ms - 14[39m
[38;5;0m[HTTP][0m [90m[39m
[38;5;0m[HTTP][0m [37m-->[39m [37mPOST[39m [37m/wd/hub/session/c75bc666-8f42-4c12-8042-be9f6a91769a/timeouts[39m
[38;5;0m[HTTP][0m [90m{"implicit":50}[39m
[38;5;0m[HTTP][0m [37m<-- POST /wd/hub/session/c75bc666-8f42-4c12-8042-be9f6a91769a/timeouts [39m[32m200[39m [90m2 ms - 14[39m
[38;5;0m[HTTP][0m [90m[39m
[38;5;0m[HTTP][0m [37m-->[39m [37mGET[39m [37m/wd/hub/session/c75bc666-8f42-4c12-8042-be9f6a91769a/window/rect[39m
[38;5;0m[HTTP][0m [90m{}[39m
[38;5;0m[HTTP][0m [37m<-- GET /wd/hub/session/c75bc666-8f42-4c12-8042-be9f6a91769a/window/rect [39m[32m200[39m [90m24 ms - 50[39m
[38;5;0m[HTTP][0m [90m[39m
[38;5;0m[HTTP][0m [37m-->[39m [37mPOST[39m [37m/wd/hub/session/c75bc666-8f42-4c12-8042-be9f6a91769a/elements[39m
[38;5;0m[HTTP][0m [90m{"using":"xpath","value":"//*[@class = 'android.widget.Button' and (@text = 'LOGIN' or . = 'LOGIN') and @resource-id = 'com.Advantage.aShopping:id/buttonLogin']"}[39m
[38;5;0m[HTTP][0m [37m<-- POST /wd/hub/session/c75bc666-8f42-4c12-8042-be9f6a91769a/elements [39m[32m200[39m [90m548 ms - 139[39m
[38;5;0m[HTTP][0m [90m[39m
[38;5;0m[HTTP][0m [37m-->[39m [37mGET[39m [37m/wd/hub/session/c75bc666-8f42-4c12-8042-be9f6a91769a/element/00000000-0000-091c-ffff-ffff0000005e/location[39m
[38;5;0m[HTTP][0m [90m{}[39m
[38;5;48m[AndroidUiautomator2Driver@ce4e (c75bc666)][0m Driver proxy active, passing request on via HTTP proxy
[38;5;48m[AndroidUiautomator2Driver@ce4e (c75bc666)][0m Replacing sessionId 42ce692d-3227-4bd3-bfb8-9801aa7e96ca with c75bc666-8f42-4c12-8042-be9f6a91769a
[38;5;0m[HTTP][0m [37m<-- GET /wd/hub/session/c75bc666-8f42-4c12-8042-be9f6a91769a/element/00000000-0000-091c-ffff-ffff0000005e/location [39m[32m200[39m [90m22 ms - 77[39m
[38;5;0m[HTTP][0m [90m[39m
[38;5;0m[HTTP][0m [37m-->[39m [37mPOST[39m [37m/wd/hub/session/c75bc666-8f42-4c12-8042-be9f6a91769a/timeouts[39m
[38;5;0m[HTTP][0m [90m{"implicit":30000}[39m
[38;5;0m[HTTP][0m [37m<-- POST /wd/hub/session/c75bc666-8f42-4c12-8042-be9f6a91769a/timeouts [39m[32m200[39m [90m1 ms - 14[39m
[38;5;0m[HTTP][0m [90m[39m
[38;5;0m[HTTP][0m [37m-->[39m [37mPOST[39m [37m/wd/hub/session/c75bc666-8f42-4c12-8042-be9f6a91769a/element/00000000-0000-091c-ffff-ffff0000005e/click[39m
[38;5;0m[HTTP][0m [90m{"id":"00000000-0000-091c-ffff-ffff0000005e"}[39m
[38;5;0m[HTTP][0m [37m<-- POST /wd/hub/session/c75bc666-8f42-4c12-8042-be9f6a91769a/element/00000000-0000-091c-ffff-ffff0000005e/click [39m[32m200[39m [90m48 ms - 14[39m
[38;5;0m[HTTP][0m [90m[39m
[38;5;0m[HTTP][0m [37m-->[39m [37mGET[39m [37m/wd/hub/session/c75bc666-8f42-4c12-8042-be9f6a91769a/context[39m
[38;5;0m[HTTP][0m [90m{}[39m
[38;5;0m[HTTP][0m [37m<-- GET /wd/hub/session/c75bc666-8f42-4c12-8042-be9f6a91769a/context [39m[32m200[39m [90m1 ms - 22[39m
[38;5;0m[HTTP][0m [90m[39m
[38;5;0m[HTTP][0m [37m-->[39m [37mGET[39m [37m/wd/hub/session/c75bc666-8f42-4c12-8042-be9f6a91769a/contexts[39m
[38;5;0m[HTTP][0m [90m{}[39m
[38;5;0m[HTTP][0m [37m<-- GET /wd/hub/session/c75bc666-8f42-4c12-8042-be9f6a91769a/contexts [39m[32m200[39m [90m350 ms - 24[39m
[38;5;0m[HTTP][0m [90m[39m
[38;5;0m[HTTP][0m [37m-->[39m [37mPOST[39m [37m/wd/hub/session/c75bc666-8f42-4c12-8042-be9f6a91769a/context[39m
[38;5;0m[HTTP][0m [90m{"name":"NATIVE_APP"}[39m
[38;5;0m[HTTP][0m [37m<-- POST /wd/hub/session/c75bc666-8f42-4c12-8042-be9f6a91769a/context [39m[32m200[39m [90m1 ms - 14[39m
[38;5;0m[HTTP][0m [90m[39m
[38;5;0m[HTTP][0m [37m-->[39m [37mPOST[39m [37m/wd/hub/session/c75bc666-8f42-4c12-8042-be9f6a91769a/appium/device/hide_keyboard[39m
[38;5;0m[HTTP][0m [90m{}[39m
[38;5;0m[HTTP][0m [37m<-- POST /wd/hub/session/c75bc666-8f42-4c12-8042-be9f6a91769a/appium/device/hide_keyboard [39m[32m200[39m [90m2131 ms - 14[39m
[38;5;0m[HTTP][0m [90m[39m
[38;5;0m[HTTP][0m [37m-->[39m [37mPOST[39m [37m/wd/hub/session/c75bc666-8f42-4c12-8042-be9f6a91769a/context[39m
[38;5;0m[HTTP][0m [90m{"name":"NATIVE_APP"}[39m
[38;5;0m[HTTP][0m [37m<-- POST /wd/hub/session/c75bc666-8f42-4c12-8042-be9f6a91769a/context [39m[32m200[39m [90m2 ms - 14[39m
[38;5;0m[HTTP][0m [90m[39m
[38;5;0m[HTTP][0m [37m-->[39m [37mPOST[39m [37m/wd/hub/session/c75bc666-8f42-4c12-8042-be9f6a91769a/timeouts[39m
[38;5;0m[HTTP][0m [90m{"implicit":50}[39m
[38;5;0m[HTTP][0m [37m<-- POST /wd/hub/session/c75bc666-8f42-4c12-8042-be9f6a91769a/timeouts [39m[32m200[39m [90m2 ms - 14[39m
[38;5;0m[HTTP][0m [90m[39m
[38;5;0m[HTTP][0m [37m-->[39m [37mGET[39m [37m/wd/hub/session/c75bc666-8f42-4c12-8042-be9f6a91769a/window/rect[39m
[38;5;0m[HTTP][0m [90m{}[39m
[38;5;0m[HTTP][0m [37m<-- GET /wd/hub/session/c75bc666-8f42-4c12-8042-be9f6a91769a/window/rect [39m[32m200[39m [90m12 ms - 50[39m
[38;5;0m[HTTP][0m [90m[39m
[38;5;0m[HTTP][0m [37m-->[39m [37mPOST[39m [37m/wd/hub/session/c75bc666-8f42-4c12-8042-be9f6a91769a/elements[39m
[38;5;0m[HTTP][0m [90m{"using":"xpath","value":"//hierarchy/android.widget.FrameLayout[1]/android.widget.LinearLayout[1]/android.widget.FrameLayout[1]/android.widget.LinearLayout[1]/android.widget.FrameLayout[1]/androidx.drawerlayout.widget.DrawerLayout[1]/android.view.ViewGroup[1]/android.widget.LinearLayout[2]/android.widget.LinearLayout[1]/androidx.recyclerview.widget.RecyclerView[1]/android.widget.RelativeLayout[1]/android.widget.ImageView[1]"}[39m
[38;5;0m[HTTP][0m [37m<-- POST /wd/hub/session/c75bc666-8f42-4c12-8042-be9f6a91769a/elements [39m[32m200[39m [90m458 ms - 139[39m
[38;5;0m[HTTP][0m [90m[39m
[38;5;0m[HTTP][0m [37m-->[39m [37mGET[39m [37m/wd/hub/session/c75bc666-8f42-4c12-8042-be9f6a91769a/element/00000000-0000-091e-ffff-ffff00000095/location[39m
[38;5;0m[HTTP][0m [90m{}[39m
[38;5;48m[AndroidUiautomator2Driver@ce4e (c75bc666)][0m Driver proxy active, passing request on via HTTP proxy
[38;5;48m[AndroidUiautomator2Driver@ce4e (c75bc666)][0m Replacing sessionId 42ce692d-3227-4bd3-bfb8-9801aa7e96ca with c75bc666-8f42-4c12-8042-be9f6a91769a
[38;5;0m[HTTP][0m [37m<-- GET /wd/hub/session/c75bc666-8f42-4c12-8042-be9f6a91769a/element/00000000-0000-091e-ffff-ffff00000095/location [39m[32m200[39m [90m25 ms - 76[39m
[38;5;0m[HTTP][0m [90m[39m
[38;5;0m[HTTP][0m [37m-->[39m [37mPOST[39m [37m/wd/hub/session/c75bc666-8f42-4c12-8042-be9f6a91769a/timeouts[39m
[38;5;0m[HTTP][0m [90m{"implicit":30000}[39m
[38;5;0m[HTTP][0m [37m<-- POST /wd/hub/session/c75bc666-8f42-4c12-8042-be9f6a91769a/timeouts [39m[32m200[39m [90m1 ms - 14[39m
[38;5;0m[HTTP][0m [90m[39m
[38;5;0m[HTTP][0m [37m-->[39m [37mPOST[39m [37m/wd/hub/session/c75bc666-8f42-4c12-8042-be9f6a91769a/element/00000000-0000-091e-ffff-ffff00000095/click[39m
[38;5;0m[HTTP][0m [90m{"id":"00000000-0000-091e-ffff-ffff00000095"}[39m
[38;5;0m[HTTP][0m [37m<-- POST /wd/hub/session/c75bc666-8f42-4c12-8042-be9f6a91769a/element/00000000-0000-091e-ffff-ffff00000095/click [39m[32m200[39m [90m54 ms - 14[39m
[38;5;0m[HTTP][0m [90m[39m
[38;5;0m[HTTP][0m [37m-->[39m [37mGET[39m [37m/wd/hub/session/c75bc666-8f42-4c12-8042-be9f6a91769a/context[39m
[38;5;0m[HTTP][0m [90m{}[39m
[38;5;0m[HTTP][0m [37m<-- GET /wd/hub/session/c75bc666-8f42-4c12-8042-be9f6a91769a/context [39m[32m200[39m [90m2 ms - 22[39m
[38;5;0m[HTTP][0m [90m[39m
[38;5;0m[HTTP][0m [37m-->[39m [37mGET[39m [37m/wd/hub/session/c75bc666-8f42-4c12-8042-be9f6a91769a/contexts[39m
[38;5;0m[HTTP][0m [90m{}[39m
[38;5;0m[HTTP][0m [37m<-- GET /wd/hub/session/c75bc666-8f42-4c12-8042-be9f6a91769a/contexts [39m[32m200[39m [90m278 ms - 24[39m
[38;5;0m[HTTP][0m [90m[39m
[38;5;0m[HTTP][0m [37m-->[39m [37mPOST[39m [37m/wd/hub/session/c75bc666-8f42-4c12-8042-be9f6a91769a/context[39m
[38;5;0m[HTTP][0m [90m{"name":"NATIVE_APP"}[39m
[38;5;0m[HTTP][0m [37m<-- POST /wd/hub/session/c75bc666-8f42-4c12-8042-be9f6a91769a/context [39m[32m200[39m [90m2 ms - 14[39m
[38;5;0m[HTTP][0m [90m[39m
[38;5;0m[HTTP][0m [37m-->[39m [37mPOST[39m [37m/wd/hub/session/c75bc666-8f42-4c12-8042-be9f6a91769a/appium/device/hide_keyboard[39m
[38;5;0m[HTTP][0m [90m{}[39m
[38;5;64m[ADB][0m Keyboard has no UI; no closing necessary
[38;5;0m[HTTP][0m [37m<-- POST /wd/hub/session/c75bc666-8f42-4c12-8042-be9f6a91769a/appium/device/hide_keyboard [39m[32m200[39m [90m80 ms - 15[39m
[38;5;0m[HTTP][0m [90m[39m
[38;5;0m[HTTP][0m [37m-->[39m [37mPOST[39m [37m/wd/hub/session/c75bc666-8f42-4c12-8042-be9f6a91769a/context[39m
[38;5;0m[HTTP][0m [90m{"name":"NATIVE_APP"}[39m
[38;5;0m[HTTP][0m [37m<-- POST /wd/hub/session/c75bc666-8f42-4c12-8042-be9f6a91769a/context [39m[32m200[39m [90m2 ms - 14[39m
[38;5;0m[HTTP][0m [90m[39m
[38;5;0m[HTTP][0m [37m-->[39m [37mPOST[39m [37m/wd/hub/session/c75bc666-8f42-4c12-8042-be9f6a91769a/timeouts[39m
[38;5;0m[HTTP][0m [90m{"implicit":50}[39m
[38;5;0m[HTTP][0m [37m<-- POST /wd/hub/session/c75bc666-8f42-4c12-8042-be9f6a91769a/timeouts [39m[32m200[39m [90m2 ms - 14[39m
[38;5;0m[HTTP][0m [90m[39m
[38;5;0m[HTTP][0m [37m-->[39m [37mGET[39m [37m/wd/hub/session/c75bc666-8f42-4c12-8042-be9f6a91769a/window/rect[39m
[38;5;0m[HTTP][0m [90m{}[39m
[38;5;0m[HTTP][0m [37m<-- GET /wd/hub/session/c75bc666-8f42-4c12-8042-be9f6a91769a/window/rect [39m[32m200[39m [90m23 ms - 50[39m
[38;5;0m[HTTP][0m [90m[39m
[38;5;0m[HTTP][0m [37m-->[39m [37mPOST[39m [37m/wd/hub/session/c75bc666-8f42-4c12-8042-be9f6a91769a/elements[39m
[38;5;0m[HTTP][0m [90m{"using":"xpath","value":"//hierarchy/android.widget.FrameLayout[1]/android.widget.LinearLayout[1]/android.widget.FrameLayout[1]/android.widget.LinearLayout[1]/android.widget.FrameLayout[1]/androidx.drawerlayout.widget.DrawerLayout[1]/android.view.ViewGroup[1]/android.widget.LinearLayout[2]/android.widget.RelativeLayout[1]/android.widget.LinearLayout[1]/android.widget.GridView[1]/android.widget.RelativeLayout[1]"}[39m
[38;5;0m[HTTP][0m [37m<-- POST /wd/hub/session/c75bc666-8f42-4c12-8042-be9f6a91769a/elements [39m[32m200[39m [90m349 ms - 12[39m
[38;5;0m[HTTP][0m [90m[39m
[38;5;0m[HTTP][0m [37m-->[39m [37mPOST[39m [37m/wd/hub/session/c75bc666-8f42-4c12-8042-be9f6a91769a/elements[39m
[38;5;0m[HTTP][0m [90m{"using":"xpath","value":"//hierarchy/android.widget.FrameLayout[1]/android.widget.LinearLayout[1]/android.widget.FrameLayout[1]/android.widget.LinearLayout[1]/android.widget.FrameLayout[1]/androidx.drawerlayout.widget.DrawerLayout[1]/android.view.ViewGroup[1]/android.widget.LinearLayout[2]/android.widget.RelativeLayout[1]/android.widget.LinearLayout[1]/android.widget.GridView[1]/android.widget.RelativeLayout[1]"}[39m
[38;5;0m[HTTP][0m [37m<-- POST /wd/hub/session/c75bc666-8f42-4c12-8042-be9f6a91769a/elements [39m[32m200[39m [90m126 ms - 12[39m
[38;5;0m[HTTP][0m [90m[39m
[38;5;0m[HTTP][0m [37m-->[39m [37mPOST[39m [37m/wd/hub/session/c75bc666-8f42-4c12-8042-be9f6a91769a/elements[39m
[38;5;0m[HTTP][0m [90m{"using":"xpath","value":"//hierarchy/android.widget.FrameLayout[1]/android.widget.LinearLayout[1]/android.widget.FrameLayout[1]/android.widget.LinearLayout[1]/android.widget.FrameLayout[1]/androidx.drawerlayout.widget.DrawerLayout[1]/android.view.ViewGroup[1]/android.widget.LinearLayout[2]/android.widget.RelativeLayout[1]/android.widget.LinearLayout[1]/android.widget.GridView[1]/android.widget.RelativeLayout[1]"}[39m
[38;5;0m[HTTP][0m [37m<-- POST /wd/hub/session/c75bc666-8f42-4c12-8042-be9f6a91769a/elements [39m[32m200[39m [90m160 ms - 12[39m
[38;5;0m[HTTP][0m [90m[39m
[38;5;0m[HTTP][0m [37m-->[39m [37mPOST[39m [37m/wd/hub/session/c75bc666-8f42-4c12-8042-be9f6a91769a/elements[39m
[38;5;0m[HTTP][0m [90m{"using":"xpath","value":"//hierarchy/android.widget.FrameLayout[1]/android.widget.LinearLayout[1]/android.widget.FrameLayout[1]/android.widget.LinearLayout[1]/android.widget.FrameLayout[1]/androidx.drawerlayout.widget.DrawerLayout[1]/android.view.ViewGroup[1]/android.widget.LinearLayout[2]/android.widget.RelativeLayout[1]/android.widget.LinearLayout[1]/android.widget.GridView[1]/android.widget.RelativeLayout[1]"}[39m
[38;5;0m[HTTP][0m [37m<-- POST /wd/hub/session/c75bc666-8f42-4c12-8042-be9f6a91769a/elements [39m[32m200[39m [90m3240 ms - 139[39m
[38;5;0m[HTTP][0m [90m[39m
[38;5;0m[HTTP][0m [37m-->[39m [37mGET[39m [37m/wd/hub/session/c75bc666-8f42-4c12-8042-be9f6a91769a/element/00000000-0000-091e-ffff-ffff000000d3/location[39m
[38;5;0m[HTTP][0m [90m{}[39m
[38;5;48m[AndroidUiautomator2Driver@ce4e (c75bc666)][0m Driver proxy active, passing request on via HTTP proxy
[38;5;48m[AndroidUiautomator2Driver@ce4e (c75bc666)][0m Replacing sessionId 42ce692d-3227-4bd3-bfb8-9801aa7e96ca with c75bc666-8f42-4c12-8042-be9f6a91769a
[38;5;0m[HTTP][0m [37m<-- GET /wd/hub/session/c75bc666-8f42-4c12-8042-be9f6a91769a/element/00000000-0000-091e-ffff-ffff000000d3/location [39m[32m200[39m [90m464 ms - 76[39m
[38;5;0m[HTTP][0m [90m[39m
[38;5;0m[HTTP][0m [37m-->[39m [37mPOST[39m [37m/wd/hub/session/c75bc666-8f42-4c12-8042-be9f6a91769a/timeouts[39m
[38;5;0m[HTTP][0m [90m{"implicit":30000}[39m
[38;5;0m[HTTP][0m [37m<-- POST /wd/hub/session/c75bc666-8f42-4c12-8042-be9f6a91769a/timeouts [39m[32m200[39m [90m1 ms - 14[39m
[38;5;0m[HTTP][0m [90m[39m
[38;5;0m[HTTP][0m [37m-->[39m [37mPOST[39m [37m/wd/hub/session/c75bc666-8f42-4c12-8042-be9f6a91769a/element/00000000-0000-091e-ffff-ffff000000d3/click[39m
[38;5;0m[HTTP][0m [90m{"id":"00000000-0000-091e-ffff-ffff000000d3"}[39m
[38;5;0m[HTTP][0m [37m<-- POST /wd/hub/session/c75bc666-8f42-4c12-8042-be9f6a91769a/element/00000000-0000-091e-ffff-ffff000000d3/click [39m[32m200[39m [90m629 ms - 14[39m
[38;5;0m[HTTP][0m [90m[39m
[38;5;0m[HTTP][0m [37m-->[39m [37mPOST[39m [37m/wd/hub/session/c75bc666-8f42-4c12-8042-be9f6a91769a/timeouts[39m
[38;5;0m[HTTP][0m [90m{"implicit":50}[39m
[38;5;0m[HTTP][0m [37m<-- POST /wd/hub/session/c75bc666-8f42-4c12-8042-be9f6a91769a/timeouts [39m[32m200[39m [90m3 ms - 14[39m
[38;5;0m[HTTP][0m [90m[39m
[38;5;0m[HTTP][0m [37m-->[39m [37mGET[39m [37m/wd/hub/session/c75bc666-8f42-4c12-8042-be9f6a91769a/window/rect[39m
[38;5;0m[HTTP][0m [90m{}[39m
[38;5;0m[HTTP][0m [37m<-- GET /wd/hub/session/c75bc666-8f42-4c12-8042-be9f6a91769a/window/rect [39m[32m200[39m [90m19 ms - 50[39m
[38;5;0m[HTTP][0m [90m[39m
[38;5;0m[HTTP][0m [37m-->[39m [37mPOST[39m [37m/wd/hub/session/c75bc666-8f42-4c12-8042-be9f6a91769a/elements[39m
[38;5;0m[HTTP][0m [90m{"using":"xpath","value":"//*[@class = 'android.widget.Button' and (@text = 'ADD TO CART' or . = 'ADD TO CART') and @resource-id = 'com.Advantage.aShopping:id/buttonProductAddToCart']"}[39m
[38;5;0m[HTTP][0m [37m<-- POST /wd/hub/session/c75bc666-8f42-4c12-8042-be9f6a91769a/elements [39m[32m200[39m [90m1008 ms - 139[39m
[38;5;0m[HTTP][0m [90m[39m
[38;5;0m[HTTP][0m [37m-->[39m [37mGET[39m [37m/wd/hub/session/c75bc666-8f42-4c12-8042-be9f6a91769a/element/00000000-0000-091f-ffff-ffff00000103/location[39m
[38;5;0m[HTTP][0m [90m{}[39m
[38;5;48m[AndroidUiautomator2Driver@ce4e (c75bc666)][0m Driver proxy active, passing request on via HTTP proxy
[38;5;48m[AndroidUiautomator2Driver@ce4e (c75bc666)][0m Replacing sessionId 42ce692d-3227-4bd3-bfb8-9801aa7e96ca with c75bc666-8f42-4c12-8042-be9f6a91769a
[38;5;0m[HTTP][0m [37m<-- GET /wd/hub/session/c75bc666-8f42-4c12-8042-be9f6a91769a/element/00000000-0000-091f-ffff-ffff00000103/location [39m[32m200[39m [90m23 ms - 77[39m
[38;5;0m[HTTP][0m [90m[39m
[38;5;0m[HTTP][0m [37m-->[39m [37mPOST[39m [37m/wd/hub/session/c75bc666-8f42-4c12-8042-be9f6a91769a/timeouts[39m
[38;5;0m[HTTP][0m [90m{"implicit":30000}[39m
[38;5;0m[HTTP][0m [37m<-- POST /wd/hub/session/c75bc666-8f42-4c12-8042-be9f6a91769a/timeouts [39m[32m200[39m [90m4 ms - 14[39m
[38;5;0m[HTTP][0m [90m[39m
[38;5;0m[HTTP][0m [37m-->[39m [37mPOST[39m [37m/wd/hub/session/c75bc666-8f42-4c12-8042-be9f6a91769a/element/00000000-0000-091f-ffff-ffff00000103/click[39m
[38;5;0m[HTTP][0m [90m{"id":"00000000-0000-091f-ffff-ffff00000103"}[39m
[38;5;0m[HTTP][0m [37m<-- POST /wd/hub/session/c75bc666-8f42-4c12-8042-be9f6a91769a/element/00000000-0000-091f-ffff-ffff00000103/click [39m[32m200[39m [90m52 ms - 14[39m
[38;5;0m[HTTP][0m [90m[39m
[38;5;0m[HTTP][0m [37m-->[39m [37mGET[39m [37m/wd/hub/session/c75bc666-8f42-4c12-8042-be9f6a91769a/context[39m
[38;5;0m[HTTP][0m [90m{}[39m
[38;5;0m[HTTP][0m [37m<-- GET /wd/hub/session/c75bc666-8f42-4c12-8042-be9f6a91769a/context [39m[32m200[39m [90m1 ms - 22[39m
[38;5;0m[HTTP][0m [90m[39m
[38;5;0m[HTTP][0m [37m-->[39m [37mGET[39m [37m/wd/hub/session/c75bc666-8f42-4c12-8042-be9f6a91769a/contexts[39m
[38;5;0m[HTTP][0m [90m{}[39m
[38;5;0m[HTTP][0m [37m<-- GET /wd/hub/session/c75bc666-8f42-4c12-8042-be9f6a91769a/contexts [39m[32m200[39m [90m287 ms - 24[39m
[38;5;0m[HTTP][0m [90m[39m
[38;5;0m[HTTP][0m [37m-->[39m [37mPOST[39m [37m/wd/hub/session/c75bc666-8f42-4c12-8042-be9f6a91769a/context[39m
[38;5;0m[HTTP][0m [90m{"name":"NATIVE_APP"}[39m
[38;5;0m[HTTP][0m [37m<-- POST /wd/hub/session/c75bc666-8f42-4c12-8042-be9f6a91769a/context [39m[32m200[39m [90m2 ms - 14[39m
[38;5;0m[HTTP][0m [90m[39m
[38;5;0m[HTTP][0m [37m-->[39m [37mPOST[39m [37m/wd/hub/session/c75bc666-8f42-4c12-8042-be9f6a91769a/appium/device/hide_keyboard[39m
[38;5;0m[HTTP][0m [90m{}[39m
[38;5;64m[ADB][0m Keyboard has no UI; no closing necessary
[38;5;0m[HTTP][0m [37m<-- POST /wd/hub/session/c75bc666-8f42-4c12-8042-be9f6a91769a/appium/device/hide_keyboard [39m[32m200[39m [90m157 ms - 15[39m
[38;5;0m[HTTP][0m [90m[39m
[38;5;0m[HTTP][0m [37m-->[39m [37mPOST[39m [37m/wd/hub/session/c75bc666-8f42-4c12-8042-be9f6a91769a/context[39m
[38;5;0m[HTTP][0m [90m{"name":"NATIVE_APP"}[39m
[38;5;0m[HTTP][0m [37m<-- POST /wd/hub/session/c75bc666-8f42-4c12-8042-be9f6a91769a/context [39m[32m200[39m [90m2 ms - 14[39m
[38;5;0m[HTTP][0m [90m[39m
[38;5;0m[HTTP][0m [37m-->[39m [37mPOST[39m [37m/wd/hub/session/c75bc666-8f42-4c12-8042-be9f6a91769a/timeouts[39m
[38;5;0m[HTTP][0m [90m{"implicit":50}[39m
[38;5;0m[HTTP][0m [37m<-- POST /wd/hub/session/c75bc666-8f42-4c12-8042-be9f6a91769a/timeouts [39m[32m200[39m [90m2 ms - 14[39m
[38;5;0m[HTTP][0m [90m[39m
[38;5;0m[HTTP][0m [37m-->[39m [37mGET[39m [37m/wd/hub/session/c75bc666-8f42-4c12-8042-be9f6a91769a/window/rect[39m
[38;5;0m[HTTP][0m [90m{}[39m
[38;5;0m[HTTP][0m [37m<-- GET /wd/hub/session/c75bc666-8f42-4c12-8042-be9f6a91769a/window/rect [39m[32m200[39m [90m23 ms - 50[39m
[38;5;0m[HTTP][0m [90m[39m
[38;5;0m[HTTP][0m [37m-->[39m [37mPOST[39m [37m/wd/hub/session/c75bc666-8f42-4c12-8042-be9f6a91769a/elements[39m
[38;5;0m[HTTP][0m [90m{"using":"xpath","value":"//*[@class = 'android.widget.ImageView' and @resource-id = 'com.Advantage.aShopping:id/imageViewCart' and (@text = '' or . = '')]"}[39m
[38;5;0m[HTTP][0m [37m<-- POST /wd/hub/session/c75bc666-8f42-4c12-8042-be9f6a91769a/elements [39m[32m200[39m [90m221 ms - 12[39m
[38;5;0m[HTTP][0m [90m[39m
[38;5;0m[HTTP][0m [37m-->[39m [37mPOST[39m [37m/wd/hub/session/c75bc666-8f42-4c12-8042-be9f6a91769a/elements[39m
[38;5;0m[HTTP][0m [90m{"using":"xpath","value":"//*[@class = 'android.widget.ImageView' and @resource-id = 'com.Advantage.aShopping:id/imageViewCart' and (@text = '' or . = '')]"}[39m
[38;5;0m[HTTP][0m [37m<-- POST /wd/hub/session/c75bc666-8f42-4c12-8042-be9f6a91769a/elements [39m[32m200[39m [90m66 ms - 12[39m
[38;5;0m[HTTP][0m [90m[39m
[38;5;0m[HTTP][0m [37m-->[39m [37mPOST[39m [37m/wd/hub/session/c75bc666-8f42-4c12-8042-be9f6a91769a/elements[39m
[38;5;0m[HTTP][0m [90m{"using":"xpath","value":"//*[@class = 'android.widget.ImageView' and @resource-id = 'com.Advantage.aShopping:id/imageViewCart' and (@text = '' or . = '')]"}[39m
[38;5;0m[HTTP][0m [37m<-- POST /wd/hub/session/c75bc666-8f42-4c12-8042-be9f6a91769a/elements [39m[32m200[39m [90m127 ms - 12[39m
[38;5;0m[HTTP][0m [90m[39m
[38;5;0m[HTTP][0m [37m-->[39m [37mPOST[39m [37m/wd/hub/session/c75bc666-8f42-4c12-8042-be9f6a91769a/elements[39m
[38;5;0m[HTTP][0m [90m{"using":"xpath","value":"//*[@class = 'android.widget.ImageView' and @resource-id = 'com.Advantage.aShopping:id/imageViewCart' and (@text = '' or . = '')]"}[39m
[38;5;0m[HTTP][0m [37m<-- POST /wd/hub/session/c75bc666-8f42-4c12-8042-be9f6a91769a/elements [39m[32m200[39m [90m57 ms - 12[39m
[38;5;0m[HTTP][0m [90m[39m
[38;5;0m[HTTP][0m [37m-->[39m [37mPOST[39m [37m/wd/hub/session/c75bc666-8f42-4c12-8042-be9f6a91769a/elements[39m
[38;5;0m[HTTP][0m [90m{"using":"xpath","value":"//*[@class = 'android.widget.ImageView' and @resource-id = 'com.Advantage.aShopping:id/imageViewCart' and (@text = '' or . = '')]"}[39m
[38;5;0m[HTTP][0m [37m<-- POST /wd/hub/session/c75bc666-8f42-4c12-8042-be9f6a91769a/elements [39m[32m200[39m [90m77 ms - 12[39m
[38;5;0m[HTTP][0m [90m[39m
[38;5;0m[HTTP][0m [37m-->[39m [37mPOST[39m [37m/wd/hub/session/c75bc666-8f42-4c12-8042-be9f6a91769a/elements[39m
[38;5;0m[HTTP][0m [90m{"using":"xpath","value":"//*[@class = 'android.widget.ImageView' and @resource-id = 'com.Advantage.aShopping:id/imageViewCart' and (@text = '' or . = '')]"}[39m
[38;5;0m[HTTP][0m [37m<-- POST /wd/hub/session/c75bc666-8f42-4c12-8042-be9f6a91769a/elements [39m[32m200[39m [90m77 ms - 12[39m
[38;5;0m[HTTP][0m [90m[39m
[38;5;0m[HTTP][0m [37m-->[39m [37mPOST[39m [37m/wd/hub/session/c75bc666-8f42-4c12-8042-be9f6a91769a/elements[39m
[38;5;0m[HTTP][0m [90m{"using":"xpath","value":"//*[@class = 'android.widget.ImageView' and @resource-id = 'com.Advantage.aShopping:id/imageViewCart' and (@text = '' or . = '')]"}[39m
[38;5;0m[HTTP][0m [37m<-- POST /wd/hub/session/c75bc666-8f42-4c12-8042-be9f6a91769a/elements [39m[32m200[39m [90m72 ms - 12[39m
[38;5;0m[HTTP][0m [90m[39m
[38;5;0m[HTTP][0m [37m-->[39m [37mPOST[39m [37m/wd/hub/session/c75bc666-8f42-4c12-8042-be9f6a91769a/elements[39m
[38;5;0m[HTTP][0m [90m{"using":"xpath","value":"//*[@class = 'android.widget.ImageView' and @resource-id = 'com.Advantage.aShopping:id/imageViewCart' and (@text = '' or . = '')]"}[39m
[38;5;0m[HTTP][0m [37m<-- POST /wd/hub/session/c75bc666-8f42-4c12-8042-be9f6a91769a/elements [39m[32m200[39m [90m54 ms - 12[39m
[38;5;0m[HTTP][0m [90m[39m
[38;5;0m[HTTP][0m [37m-->[39m [37mPOST[39m [37m/wd/hub/session/c75bc666-8f42-4c12-8042-be9f6a91769a/elements[39m
[38;5;0m[HTTP][0m [90m{"using":"xpath","value":"//*[@class = 'android.widget.ImageView' and @resource-id = 'com.Advantage.aShopping:id/imageViewCart' and (@text = '' or . = '')]"}[39m
[38;5;0m[HTTP][0m [37m<-- POST /wd/hub/session/c75bc666-8f42-4c12-8042-be9f6a91769a/elements [39m[32m200[39m [90m55 ms - 12[39m
[38;5;0m[HTTP][0m [90m[39m
[38;5;0m[HTTP][0m [37m-->[39m [37mPOST[39m [37m/wd/hub/session/c75bc666-8f42-4c12-8042-be9f6a91769a/elements[39m
[38;5;0m[HTTP][0m [90m{"using":"xpath","value":"//*[@class = 'android.widget.ImageView' and @resource-id = 'com.Advantage.aShopping:id/imageViewCart' and (@text = '' or . = '')]"}[39m
[38;5;0m[HTTP][0m [37m<-- POST /wd/hub/session/c75bc666-8f42-4c12-8042-be9f6a91769a/elements [39m[32m200[39m [90m68 ms - 12[39m
[38;5;0m[HTTP][0m [90m[39m
[38;5;0m[HTTP][0m [37m-->[39m [37mPOST[39m [37m/wd/hub/session/c75bc666-8f42-4c12-8042-be9f6a91769a/elements[39m
[38;5;0m[HTTP][0m [90m{"using":"xpath","value":"//*[@class = 'android.widget.ImageView' and @resource-id = 'com.Advantage.aShopping:id/imageViewCart' and (@text = '' or . = '')]"}[39m
[38;5;0m[HTTP][0m [37m<-- POST /wd/hub/session/c75bc666-8f42-4c12-8042-be9f6a91769a/elements [39m[32m200[39m [90m118 ms - 139[39m
[38;5;0m[HTTP][0m [90m[39m
[38;5;0m[HTTP][0m [37m-->[39m [37mGET[39m [37m/wd/hub/session/c75bc666-8f42-4c12-8042-be9f6a91769a/element/00000000-0000-091f-ffff-ffff00000101/location[39m
[38;5;0m[HTTP][0m [90m{}[39m
[38;5;48m[AndroidUiautomator2Driver@ce4e (c75bc666)][0m Driver proxy active, passing request on via HTTP proxy
[38;5;48m[AndroidUiautomator2Driver@ce4e (c75bc666)][0m Replacing sessionId 42ce692d-3227-4bd3-bfb8-9801aa7e96ca with c75bc666-8f42-4c12-8042-be9f6a91769a
[38;5;0m[HTTP][0m [37m<-- GET /wd/hub/session/c75bc666-8f42-4c12-8042-be9f6a91769a/element/00000000-0000-091f-ffff-ffff00000101/location [39m[32m200[39m [90m414 ms - 77[39m
[38;5;0m[HTTP][0m [90m[39m
[38;5;0m[HTTP][0m [37m-->[39m [37mPOST[39m [37m/wd/hub/session/c75bc666-8f42-4c12-8042-be9f6a91769a/timeouts[39m
[38;5;0m[HTTP][0m [90m{"implicit":30000}[39m
[38;5;0m[HTTP][0m [37m<-- POST /wd/hub/session/c75bc666-8f42-4c12-8042-be9f6a91769a/timeouts [39m[32m200[39m [90m1 ms - 14[39m
[38;5;0m[HTTP][0m [90m[39m
[38;5;0m[HTTP][0m [37m-->[39m [37mPOST[39m [37m/wd/hub/session/c75bc666-8f42-4c12-8042-be9f6a91769a/element/00000000-0000-091f-ffff-ffff00000101/click[39m
[38;5;0m[HTTP][0m [90m{"id":"00000000-0000-091f-ffff-ffff00000101"}[39m
[38;5;0m[HTTP][0m [37m<-- POST /wd/hub/session/c75bc666-8f42-4c12-8042-be9f6a91769a/element/00000000-0000-091f-ffff-ffff00000101/click [39m[32m200[39m [90m1164 ms - 14[39m
[38;5;0m[HTTP][0m [90m[39m
[38;5;0m[HTTP][0m [37m-->[39m [37mPOST[39m [37m/wd/hub/session/c75bc666-8f42-4c12-8042-be9f6a91769a/timeouts[39m
[38;5;0m[HTTP][0m [90m{"implicit":50}[39m
[38;5;0m[HTTP][0m [37m<-- POST /wd/hub/session/c75bc666-8f42-4c12-8042-be9f6a91769a/timeouts [39m[32m200[39m [90m2 ms - 14[39m
[38;5;0m[HTTP][0m [90m[39m
[38;5;0m[HTTP][0m [37m-->[39m [37mGET[39m [37m/wd/hub/session/c75bc666-8f42-4c12-8042-be9f6a91769a/window/rect[39m
[38;5;0m[HTTP][0m [90m{}[39m
[38;5;0m[HTTP][0m [37m<-- GET /wd/hub/session/c75bc666-8f42-4c12-8042-be9f6a91769a/window/rect [39m[32m200[39m [90m12 ms - 50[39m
[38;5;0m[HTTP][0m [90m[39m
[38;5;0m[HTTP][0m [37m-->[39m [37mPOST[39m [37m/wd/hub/session/c75bc666-8f42-4c12-8042-be9f6a91769a/elements[39m
[38;5;0m[HTTP][0m [90m{"using":"xpath","value":"//*[@class = 'android.widget.Button' and (@text = 'CHECKOUT (PAY $299.99)' or . = 'CHECKOUT (PAY $299.99)') and @resource-id = 'com.Advantage.aShopping:id/buttonCheckOut']"}[39m
[38;5;0m[HTTP][0m [37m<-- POST /wd/hub/session/c75bc666-8f42-4c12-8042-be9f6a91769a/elements [39m[32m200[39m [90m93 ms - 12[39m
[38;5;0m[HTTP][0m [90m[39m
[38;5;0m[HTTP][0m [37m-->[39m [37mPOST[39m [37m/wd/hub/session/c75bc666-8f42-4c12-8042-be9f6a91769a/elements[39m
[38;5;0m[HTTP][0m [90m{"using":"xpath","value":"//*[@class = 'android.widget.Button' and (@text = 'CHECKOUT (PAY $299.99)' or . = 'CHECKOUT (PAY $299.99)') and @resource-id = 'com.Advantage.aShopping:id/buttonCheckOut']"}[39m
[38;5;0m[HTTP][0m [37m<-- POST /wd/hub/session/c75bc666-8f42-4c12-8042-be9f6a91769a/elements [39m[32m200[39m [90m74 ms - 12[39m
[38;5;0m[HTTP][0m [90m[39m
[38;5;0m[HTTP][0m [37m-->[39m [37mPOST[39m [37m/wd/hub/session/c75bc666-8f42-4c12-8042-be9f6a91769a/elements[39m
[38;5;0m[HTTP][0m [90m{"using":"xpath","value":"//*[@class = 'android.widget.Button' and (@text = 'CHECKOUT (PAY $299.99)' or . = 'CHECKOUT (PAY $299.99)') and @resource-id = 'com.Advantage.aShopping:id/buttonCheckOut']"}[39m
[38;5;0m[HTTP][0m [37m<-- POST /wd/hub/session/c75bc666-8f42-4c12-8042-be9f6a91769a/elements [39m[32m200[39m [90m98 ms - 12[39m
[38;5;0m[HTTP][0m [90m[39m
[38;5;0m[HTTP][0m [37m-->[39m [37mPOST[39m [37m/wd/hub/session/c75bc666-8f42-4c12-8042-be9f6a91769a/elements[39m
[38;5;0m[HTTP][0m [90m{"using":"xpath","value":"//*[@class = 'android.widget.Button' and (@text = 'CHECKOUT (PAY $299.99)' or . = 'CHECKOUT (PAY $299.99)') and @resource-id = 'com.Advantage.aShopping:id/buttonCheckOut']"}[39m
[38;5;0m[HTTP][0m [37m<-- POST /wd/hub/session/c75bc666-8f42-4c12-8042-be9f6a91769a/elements [39m[32m200[39m [90m94 ms - 12[39m
[38;5;0m[HTTP][0m [90m[39m
[38;5;0m[HTTP][0m [37m-->[39m [37mPOST[39m [37m/wd/hub/session/c75bc666-8f42-4c12-8042-be9f6a91769a/elements[39m
[38;5;0m[HTTP][0m [90m{"using":"xpath","value":"//*[@class = 'android.widget.Button' and (@text = 'CHECKOUT (PAY $299.99)' or . = 'CHECKOUT (PAY $299.99)') and @resource-id = 'com.Advantage.aShopping:id/buttonCheckOut']"}[39m
[38;5;0m[HTTP][0m [37m<-- POST /wd/hub/session/c75bc666-8f42-4c12-8042-be9f6a91769a/elements [39m[32m200[39m [90m76 ms - 12[39m
[38;5;0m[HTTP][0m [90m[39m
[38;5;0m[HTTP][0m [37m-->[39m [37mPOST[39m [37m/wd/hub/session/c75bc666-8f42-4c12-8042-be9f6a91769a/elements[39m
[38;5;0m[HTTP][0m [90m{"using":"xpath","value":"//*[@class = 'android.widget.Button' and (@text = 'CHECKOUT (PAY $299.99)' or . = 'CHECKOUT (PAY $299.99)') and @resource-id = 'com.Advantage.aShopping:id/buttonCheckOut']"}[39m
[38;5;0m[HTTP][0m [37m<-- POST /wd/hub/session/c75bc666-8f42-4c12-8042-be9f6a91769a/elements [39m[32m200[39m [90m82 ms - 12[39m
[38;5;0m[HTTP][0m [90m[39m
[38;5;0m[HTTP][0m [37m-->[39m [37mPOST[39m [37m/wd/hub/session/c75bc666-8f42-4c12-8042-be9f6a91769a/elements[39m
[38;5;0m[HTTP][0m [90m{"using":"xpath","value":"//*[@class = 'android.widget.Button' and (@text = 'CHECKOUT (PAY $299.99)' or . = 'CHECKOUT (PAY $299.99)') and @resource-id = 'com.Advantage.aShopping:id/buttonCheckOut']"}[39m
[38;5;0m[HTTP][0m [37m<-- POST /wd/hub/session/c75bc666-8f42-4c12-8042-be9f6a91769a/elements [39m[32m200[39m [90m70 ms - 12[39m
[38;5;0m[HTTP][0m [90m[39m
[38;5;0m[HTTP][0m [37m-->[39m [37mPOST[39m [37m/wd/hub/session/c75bc666-8f42-4c12-8042-be9f6a91769a/elements[39m
[38;5;0m[HTTP][0m [90m{"using":"xpath","value":"//*[@class = 'android.widget.Button' and (@text = 'CHECKOUT (PAY $299.99)' or . = 'CHECKOUT (PAY $299.99)') and @resource-id = 'com.Advantage.aShopping:id/buttonCheckOut']"}[39m
[38;5;0m[HTTP][0m [37m<-- POST /wd/hub/session/c75bc666-8f42-4c12-8042-be9f6a91769a/elements [39m[32m200[39m [90m100 ms - 12[39m
[38;5;0m[HTTP][0m [90m[39m
[38;5;0m[HTTP][0m [37m-->[39m [37mPOST[39m [37m/wd/hub/session/c75bc666-8f42-4c12-8042-be9f6a91769a/elements[39m
[38;5;0m[HTTP][0m [90m{"using":"xpath","value":"//*[@class = 'android.widget.Button' and (@text = 'CHECKOUT (PAY $299.99)' or . = 'CHECKOUT (PAY $299.99)') and @resource-id = 'com.Advantage.aShopping:id/buttonCheckOut']"}[39m
[38;5;0m[HTTP][0m [37m<-- POST /wd/hub/session/c75bc666-8f42-4c12-8042-be9f6a91769a/elements [39m[32m200[39m [90m77 ms - 12[39m
[38;5;0m[HTTP][0m [90m[39m
[38;5;0m[HTTP][0m [37m-->[39m [37mPOST[39m [37m/wd/hub/session/c75bc666-8f42-4c12-8042-be9f6a91769a/elements[39m
[38;5;0m[HTTP][0m [90m{"using":"xpath","value":"//*[@class = 'android.widget.Button' and (@text = 'CHECKOUT (PAY $299.99)' or . = 'CHECKOUT (PAY $299.99)') and @resource-id = 'com.Advantage.aShopping:id/buttonCheckOut']"}[39m
[38;5;0m[HTTP][0m [37m<-- POST /wd/hub/session/c75bc666-8f42-4c12-8042-be9f6a91769a/elements [39m[32m200[39m [90m76 ms - 12[39m
[38;5;0m[HTTP][0m [90m[39m
[38;5;48m[AndroidUiautomator2Driver@ce4e (c75bc666)][0m Shutting down because we waited 1800 seconds for a command
[38;5;16m[AppiumDriver@f0a6][0m Ending session, cause was 'New Command Timeout of 1800 seconds expired. Try customizing the timeout using the 'newCommandTimeout' desired capability'
[38;5;16m[AppiumDriver@f0a6][0m Removing session 'c75bc666-8f42-4c12-8042-be9f6a91769a' from our master session list
[38;5;48m[AndroidUiautomator2Driver@ce4e (c75bc666)][0m Did not get confirmation UiAutomator2 deleteSession worked; Error was: UnknownError: An unknown server-side error occurred while processing the command. Original error: 'DELETE /' cannot be proxied to UiAutomator2 server because the instrumentation process is not running (probably crashed). Check the server log and/or the logcat output for more details
[38;5;64m[ADB][0m com.Advantage.aShopping was not uninstalled, because it was not present on the device
