[35m[Appium][39m Welcome to Appium v2.5.0
[35m[Appium][39m Non-default server args:
[35m[Appium][39m { basePath: [32m'/wd/hub'[39m, loglevel: [32m'info'[39m, port: [33m13885[39m }
[35m[Appium][39m Attempting to load driver uiautomator2...
[35m[Appium][39m Appium REST http interface listener started on http://0.0.0.0:13885/wd/hub
[35m[Appium][39m You can provide the following URLs in your client code to connect to this server:
[35m[Appium][39m 	http://192.168.0.111:13885/wd/hub
[35m[Appium][39m 	http://127.0.0.1:13885/wd/hub (only accessible from the same host)
[35m[Appium][39m 	http://172.31.160.1:13885/wd/hub
[35m[Appium][39m Available drivers:
[35m[Appium][39m   - uiautomator2@3.0.0 (automationName 'UiAutomator2')
[35m[Appium][39m No plugins have been installed. Use the "appium plugin" command to install the one(s) you want to use.
[38;5;0m[HTTP][0m [37m-->[39m [37mGET[39m [37m/wd/hub/status[39m
[38;5;0m[HTTP][0m [90m{}[39m
[38;5;0m[HTTP][0m [37m<-- GET /wd/hub/status [39m[32m200[39m [90m5 ms - 110[39m
[38;5;0m[HTTP][0m [90m[39m
[38;5;0m[HTTP][0m [37m-->[39m [37mPOST[39m [37m/wd/hub/session[39m
[38;5;0m[HTTP][0m [90m{"desiredCapabilities":{"appium:systemPort":13883,"appium:newCommandTimeout":1800,"appium:automationName":"uiautomator2","appium:fullReset":true,"appium:platformVersion":"8.1.0","appium:noReset":false,"appium:udid":"emulator-5554","appium:autoGrantPermissions":true,"appium:platformName":"ANDROID","appium:deviceName":"emulator-5554 (Android SDK built for x86 - Android 8.1.0)","platformName":"Android","appium:app":"E:\\BFLP IT Batch 9\\9. Bootcamp\\3. Final Project Mobile\\Advantage+demo+3.2.apk"},"capabilities":{"firstMatch":[{"appium:app":"E:\\BFLP IT Batch 9\\9. Bootcamp\\3. Final Project Mobile\\Advantage+demo+3.2.apk","appium:autoGrantPermissions":true,"appium:automationName":"uiautomator2","appium:deviceName":"emulator-5554 (Android SDK built for x86 - Android 8.1.0)","appium:fullReset":true,"appium:newCommandTimeout":1800,"appium:noReset":false,"appium:platformName":"ANDROID","appium:platformVersion":"8.1.0","appium:systemPort":13883,"appium:udid":"emulator-5554","platformName":"android"}]}}[39m
[38;5;32m[BaseDriver][0m Ignoring capability 'appium:platformName=ANDROID' and using capability 'platformName=android'
[38;5;32m[BaseDriver][0m The capabilities ["platformName"] are standard capabilities and do not require "appium:" prefix
[35m[Appium][39m Attempting to find matching driver for automationName 'uiautomator2' and platformName 'android'
[35m[Appium][39m The 'uiautomator2' driver was installed and matched caps.
[35m[Appium][39m Will require it at C:\Users\ACER\.appium\node_modules\appium-uiautomator2-driver
[38;5;16m[AppiumDriver@efa6][0m Appium v2.5.0 creating new AndroidUiautomator2Driver (v3.0.0) session
[38;5;16m[AppiumDriver@efa6][0m Checking BaseDriver versions for Appium and AndroidUiautomator2Driver
[38;5;16m[AppiumDriver@efa6][0m Appium's BaseDriver version is 9.5.1
[38;5;16m[AppiumDriver@efa6][0m AndroidUiautomator2Driver's BaseDriver version is 9.5.1
[38;5;48m[AndroidUiautomator2Driver@5ddb (68cbca85)][0m Session created with session id: 68cbca85-2132-456b-900e-acb8e23dd519
[38;5;64m[ADB][0m Found 1 'build-tools' folders under 'C:\Users\ACER\.katalon\tools\android_sdk' (newest first):
[38;5;64m[ADB][0m     C:\Users\ACER\.katalon\tools\android_sdk\build-tools\29.0.3
[38;5;64m[ADB][0m Using 'adb.exe' from 'C:\Users\ACER\.katalon\tools\android_sdk\platform-tools\adb.exe'
[38;5;48m[AndroidUiautomator2Driver@5ddb (68cbca85)][0m Retrieving device list
[38;5;48m[AndroidUiautomator2Driver@5ddb (68cbca85)][0m Using device: emulator-5554
[38;5;64m[ADB][0m Using 'adb.exe' from 'C:\Users\ACER\.katalon\tools\android_sdk\platform-tools\adb.exe'
[38;5;32m[BaseDriver][0m Using local app 'E:\BFLP IT Batch 9\9. Bootcamp\3. Final Project Mobile\Advantage+demo+3.2.apk'
[38;5;64m[ADB][0m Package name: 'com.Advantage.aShopping'
[38;5;64m[ADB][0m Main activity name: 'com.Advantage.aShopping.SplashActivity'
[38;5;64m[ADB][0m Using 'apksigner.jar' from 'C:\Users\ACER\.katalon\tools\android_sdk\build-tools\29.0.3\lib\apksigner.jar'
[38;5;64m[ADB][0m 'C:\Users\ACER\.appium\node_modules\appium-uiautomator2-driver\node_modules\appium-uiautomator2-server\apks\appium-uiautomator2-server-debug-androidTest.apk' is signed with the default certificate
[38;5;64m[ADB][0m 'E:\BFLP IT Batch 9\9. Bootcamp\3. Final Project Mobile\Advantage+demo+3.2.apk' is signed with a non-default certificate
[38;5;64m[ADB][0m com.Advantage.aShopping was not uninstalled, because it was not present on the device
[38;5;64m[ADB][0m 'C:\Users\ACER\.appium\node_modules\appium-uiautomator2-driver\node_modules\appium-uiautomator2-server\apks\appium-uiautomator2-server-v7.0.0.apk' is signed with the default certificate
[38;5;64m[ADB][0m The application at 'E:\BFLP IT Batch 9\9. Bootcamp\3. Final Project Mobile\Advantage+demo+3.2.apk' will not be cached, because the device under test has confirmed the support of streamed installs
[38;5;48m[AndroidUiautomator2Driver@5ddb (68cbca85)][0m Server packages are not going to be (re)installed
[38;5;64m[ADB][0m Adding packages ["io.appium.settings","io.appium.uiautomator2.server","io.appium.uiautomator2.server.test"] to Doze whitelist
[38;5;64m[ADB][0m The installation of 'Advantage+demo+3.2.apk' took 1780ms
[38;5;48m[AndroidUiautomator2Driver@5ddb (68cbca85)][0m Starting UIAutomator2 server 7.0.0
[38;5;48m[AndroidUiautomator2Driver@5ddb (68cbca85)][0m Using UIAutomator2 server from 'C:\Users\ACER\.appium\node_modules\appium-uiautomator2-driver\node_modules\appium-uiautomator2-server\apks\appium-uiautomator2-server-v7.0.0.apk' and test from 'C:\Users\ACER\.appium\node_modules\appium-uiautomator2-driver\node_modules\appium-uiautomator2-server\apks\appium-uiautomator2-server-debug-androidTest.apk'
[38;5;48m[AndroidUiautomator2Driver@5ddb (68cbca85)][0m Waiting up to 30000ms for UiAutomator2 to be online...
[38;5;48m[AndroidUiautomator2Driver@5ddb (68cbca85)][0m socket hang up
[38;5;48m[AndroidUiautomator2Driver@5ddb (68cbca85)][0m socket hang up
[38;5;48m[AndroidUiautomator2Driver@5ddb (68cbca85)][0m Determined the downstream protocol as 'W3C'
[38;5;48m[AndroidUiautomator2Driver@5ddb (68cbca85)][0m Screen already unlocked, doing nothing
[38;5;48m[AndroidUiautomator2Driver@5ddb (68cbca85)][0m Starting 'com.Advantage.aShopping/com.Advantage.aShopping.SplashActivity and waiting for 'com.Advantage.aShopping/com.Advantage.aShopping.SplashActivity'
[38;5;16m[AppiumDriver@efa6][0m New AndroidUiautomator2Driver session created successfully, session 68cbca85-2132-456b-900e-acb8e23dd519 added to master session list
[38;5;0m[HTTP][0m [37m<-- POST /wd/hub/session [39m[32m200[39m [90m10047 ms - 1308[39m
[38;5;0m[HTTP][0m [90m[39m
[38;5;0m[HTTP][0m [37m-->[39m [37mGET[39m [37m/wd/hub/session/68cbca85-2132-456b-900e-acb8e23dd519[39m
[38;5;0m[HTTP][0m [90m{}[39m
[38;5;0m[HTTP][0m [37m<-- GET /wd/hub/session/68cbca85-2132-456b-900e-acb8e23dd519 [39m[32m200[39m [90m20 ms - 407[39m
[38;5;0m[HTTP][0m [90m[39m
[38;5;0m[HTTP][0m [37m-->[39m [37mGET[39m [37m/wd/hub/session/68cbca85-2132-456b-900e-acb8e23dd519[39m
[38;5;0m[HTTP][0m [90m{}[39m
[38;5;0m[HTTP][0m [37m<-- GET /wd/hub/session/68cbca85-2132-456b-900e-acb8e23dd519 [39m[32m200[39m [90m15 ms - 407[39m
[38;5;0m[HTTP][0m [90m[39m
[38;5;0m[HTTP][0m [37m-->[39m [37mGET[39m [37m/wd/hub/status[39m
[38;5;0m[HTTP][0m [90m{}[39m
[38;5;0m[HTTP][0m [37m<-- GET /wd/hub/status [39m[32m200[39m [90m1 ms - 110[39m
[38;5;0m[HTTP][0m [90m[39m
[38;5;0m[HTTP][0m [37m-->[39m [37mPOST[39m [37m/wd/hub/session/68cbca85-2132-456b-900e-acb8e23dd519/timeouts[39m
[38;5;0m[HTTP][0m [90m{"implicit":30000}[39m
[38;5;0m[HTTP][0m [37m<-- POST /wd/hub/session/68cbca85-2132-456b-900e-acb8e23dd519/timeouts [39m[32m200[39m [90m3 ms - 14[39m
[38;5;0m[HTTP][0m [90m[39m
[38;5;0m[HTTP][0m [37m-->[39m [37mGET[39m [37m/wd/hub/session/68cbca85-2132-456b-900e-acb8e23dd519/appium/device/system_bars[39m
[38;5;0m[HTTP][0m [90m{}[39m
[38;5;0m[HTTP][0m [37m<-- GET /wd/hub/session/68cbca85-2132-456b-900e-acb8e23dd519/appium/device/system_bars [39m[32m200[39m [90m88 ms - 151[39m
[38;5;0m[HTTP][0m [90m[39m
[38;5;0m[HTTP][0m [37m-->[39m [37mPOST[39m [37m/wd/hub/session/68cbca85-2132-456b-900e-acb8e23dd519/timeouts[39m
[38;5;0m[HTTP][0m [90m{"implicit":50}[39m
[38;5;0m[HTTP][0m [37m<-- POST /wd/hub/session/68cbca85-2132-456b-900e-acb8e23dd519/timeouts [39m[32m200[39m [90m2 ms - 14[39m
[38;5;0m[HTTP][0m [90m[39m
[38;5;0m[HTTP][0m [37m-->[39m [37mGET[39m [37m/wd/hub/session/68cbca85-2132-456b-900e-acb8e23dd519/window/rect[39m
[38;5;0m[HTTP][0m [90m{}[39m
[38;5;0m[HTTP][0m [37m<-- GET /wd/hub/session/68cbca85-2132-456b-900e-acb8e23dd519/window/rect [39m[32m200[39m [90m22 ms - 50[39m
[38;5;0m[HTTP][0m [90m[39m
[38;5;0m[HTTP][0m [37m-->[39m [37mPOST[39m [37m/wd/hub/session/68cbca85-2132-456b-900e-acb8e23dd519/elements[39m
[38;5;0m[HTTP][0m [90m{"using":"xpath","value":"//*[@class = 'android.widget.ImageView' and @resource-id = 'com.Advantage.aShopping:id/imageViewMenu' and (@text = '' or . = '')]"}[39m
[38;5;0m[HTTP][0m [37m<-- POST /wd/hub/session/68cbca85-2132-456b-900e-acb8e23dd519/elements [39m[32m200[39m [90m1567 ms - 139[39m
[38;5;0m[HTTP][0m [90m[39m
[38;5;0m[HTTP][0m [37m-->[39m [37mGET[39m [37m/wd/hub/session/68cbca85-2132-456b-900e-acb8e23dd519/element/00000000-0000-0997-ffff-ffff0000001f/location[39m
[38;5;0m[HTTP][0m [90m{}[39m
[38;5;48m[AndroidUiautomator2Driver@5ddb (68cbca85)][0m Driver proxy active, passing request on via HTTP proxy
[38;5;48m[AndroidUiautomator2Driver@5ddb (68cbca85)][0m Replacing sessionId 6df503db-9f36-4c4b-a38f-585aebe0b09d with 68cbca85-2132-456b-900e-acb8e23dd519
[38;5;0m[HTTP][0m [37m<-- GET /wd/hub/session/68cbca85-2132-456b-900e-acb8e23dd519/element/00000000-0000-0997-ffff-ffff0000001f/location [39m[32m200[39m [90m479 ms - 75[39m
[38;5;0m[HTTP][0m [90m[39m
[38;5;0m[HTTP][0m [37m-->[39m [37mPOST[39m [37m/wd/hub/session/68cbca85-2132-456b-900e-acb8e23dd519/timeouts[39m
[38;5;0m[HTTP][0m [90m{"implicit":30000}[39m
[38;5;0m[HTTP][0m [37m<-- POST /wd/hub/session/68cbca85-2132-456b-900e-acb8e23dd519/timeouts [39m[32m200[39m [90m1 ms - 14[39m
[38;5;0m[HTTP][0m [90m[39m
[38;5;0m[HTTP][0m [37m-->[39m [37mPOST[39m [37m/wd/hub/session/68cbca85-2132-456b-900e-acb8e23dd519/element/00000000-0000-0997-ffff-ffff0000001f/click[39m
[38;5;0m[HTTP][0m [90m{"id":"00000000-0000-0997-ffff-ffff0000001f"}[39m
[38;5;0m[HTTP][0m [37m<-- POST /wd/hub/session/68cbca85-2132-456b-900e-acb8e23dd519/element/00000000-0000-0997-ffff-ffff0000001f/click [39m[32m200[39m [90m46 ms - 14[39m
[38;5;0m[HTTP][0m [90m[39m
[38;5;0m[HTTP][0m [37m-->[39m [37mPOST[39m [37m/wd/hub/session/68cbca85-2132-456b-900e-acb8e23dd519/timeouts[39m
[38;5;0m[HTTP][0m [90m{"implicit":50}[39m
[38;5;0m[HTTP][0m [37m<-- POST /wd/hub/session/68cbca85-2132-456b-900e-acb8e23dd519/timeouts [39m[32m200[39m [90m2 ms - 14[39m
[38;5;0m[HTTP][0m [90m[39m
[38;5;0m[HTTP][0m [37m-->[39m [37mGET[39m [37m/wd/hub/session/68cbca85-2132-456b-900e-acb8e23dd519/window/rect[39m
[38;5;0m[HTTP][0m [90m{}[39m
[38;5;0m[HTTP][0m [37m<-- GET /wd/hub/session/68cbca85-2132-456b-900e-acb8e23dd519/window/rect [39m[32m200[39m [90m18 ms - 50[39m
[38;5;0m[HTTP][0m [90m[39m
[38;5;0m[HTTP][0m [37m-->[39m [37mPOST[39m [37m/wd/hub/session/68cbca85-2132-456b-900e-acb8e23dd519/elements[39m
[38;5;0m[HTTP][0m [90m{"using":"xpath","value":"//*[@class = 'android.widget.LinearLayout' and @resource-id = 'com.Advantage.aShopping:id/linearLayoutLogin' and (@text = '' or . = '')]"}[39m
[38;5;0m[HTTP][0m [37m<-- POST /wd/hub/session/68cbca85-2132-456b-900e-acb8e23dd519/elements [39m[32m200[39m [90m1219 ms - 139[39m
[38;5;0m[HTTP][0m [90m[39m
[38;5;0m[HTTP][0m [37m-->[39m [37mGET[39m [37m/wd/hub/session/68cbca85-2132-456b-900e-acb8e23dd519/element/00000000-0000-0997-ffff-ffff0000002d/location[39m
[38;5;0m[HTTP][0m [90m{}[39m
[38;5;48m[AndroidUiautomator2Driver@5ddb (68cbca85)][0m Driver proxy active, passing request on via HTTP proxy
[38;5;48m[AndroidUiautomator2Driver@5ddb (68cbca85)][0m Replacing sessionId 6df503db-9f36-4c4b-a38f-585aebe0b09d with 68cbca85-2132-456b-900e-acb8e23dd519
[38;5;0m[HTTP][0m [37m<-- GET /wd/hub/session/68cbca85-2132-456b-900e-acb8e23dd519/element/00000000-0000-0997-ffff-ffff0000002d/location [39m[32m200[39m [90m25 ms - 76[39m
[38;5;0m[HTTP][0m [90m[39m
[38;5;0m[HTTP][0m [37m-->[39m [37mPOST[39m [37m/wd/hub/session/68cbca85-2132-456b-900e-acb8e23dd519/timeouts[39m
[38;5;0m[HTTP][0m [90m{"implicit":30000}[39m
[38;5;0m[HTTP][0m [37m<-- POST /wd/hub/session/68cbca85-2132-456b-900e-acb8e23dd519/timeouts [39m[32m200[39m [90m1 ms - 14[39m
[38;5;0m[HTTP][0m [90m[39m
[38;5;0m[HTTP][0m [37m-->[39m [37mPOST[39m [37m/wd/hub/session/68cbca85-2132-456b-900e-acb8e23dd519/element/00000000-0000-0997-ffff-ffff0000002d/click[39m
[38;5;0m[HTTP][0m [90m{"id":"00000000-0000-0997-ffff-ffff0000002d"}[39m
[38;5;0m[HTTP][0m [37m<-- POST /wd/hub/session/68cbca85-2132-456b-900e-acb8e23dd519/element/00000000-0000-0997-ffff-ffff0000002d/click [39m[32m200[39m [90m40 ms - 14[39m
[38;5;0m[HTTP][0m [90m[39m
[38;5;0m[HTTP][0m [37m-->[39m [37mPOST[39m [37m/wd/hub/session/68cbca85-2132-456b-900e-acb8e23dd519/timeouts[39m
[38;5;0m[HTTP][0m [90m{"implicit":50}[39m
[38;5;0m[HTTP][0m [37m<-- POST /wd/hub/session/68cbca85-2132-456b-900e-acb8e23dd519/timeouts [39m[32m200[39m [90m2 ms - 14[39m
[38;5;0m[HTTP][0m [90m[39m
[38;5;0m[HTTP][0m [37m-->[39m [37mGET[39m [37m/wd/hub/session/68cbca85-2132-456b-900e-acb8e23dd519/window/rect[39m
[38;5;0m[HTTP][0m [90m{}[39m
[38;5;0m[HTTP][0m [37m<-- GET /wd/hub/session/68cbca85-2132-456b-900e-acb8e23dd519/window/rect [39m[32m200[39m [90m13 ms - 50[39m
[38;5;0m[HTTP][0m [90m[39m
[38;5;0m[HTTP][0m [37m-->[39m [37mPOST[39m [37m/wd/hub/session/68cbca85-2132-456b-900e-acb8e23dd519/elements[39m
[38;5;0m[HTTP][0m [90m{"using":"xpath","value":"//hierarchy/android.widget.FrameLayout[1]/android.widget.LinearLayout[1]/android.widget.FrameLayout[1]/android.widget.LinearLayout[1]/android.widget.FrameLayout[1]/android.widget.RelativeLayout[1]/android.widget.LinearLayout[2]/android.widget.RelativeLayout[3]/android.widget.EditText[1]"}[39m
[38;5;0m[HTTP][0m [37m<-- POST /wd/hub/session/68cbca85-2132-456b-900e-acb8e23dd519/elements [39m[32m200[39m [90m1318 ms - 139[39m
[38;5;0m[HTTP][0m [90m[39m
[38;5;0m[HTTP][0m [37m-->[39m [37mGET[39m [37m/wd/hub/session/68cbca85-2132-456b-900e-acb8e23dd519/element/00000000-0000-0998-ffff-ffff0000004e/location[39m
[38;5;0m[HTTP][0m [90m{}[39m
[38;5;48m[AndroidUiautomator2Driver@5ddb (68cbca85)][0m Driver proxy active, passing request on via HTTP proxy
[38;5;48m[AndroidUiautomator2Driver@5ddb (68cbca85)][0m Replacing sessionId 6df503db-9f36-4c4b-a38f-585aebe0b09d with 68cbca85-2132-456b-900e-acb8e23dd519
[38;5;0m[HTTP][0m [37m<-- GET /wd/hub/session/68cbca85-2132-456b-900e-acb8e23dd519/element/00000000-0000-0998-ffff-ffff0000004e/location [39m[32m200[39m [90m28 ms - 77[39m
[38;5;0m[HTTP][0m [90m[39m
[38;5;0m[HTTP][0m [37m-->[39m [37mPOST[39m [37m/wd/hub/session/68cbca85-2132-456b-900e-acb8e23dd519/timeouts[39m
[38;5;0m[HTTP][0m [90m{"implicit":30000}[39m
[38;5;0m[HTTP][0m [37m<-- POST /wd/hub/session/68cbca85-2132-456b-900e-acb8e23dd519/timeouts [39m[32m200[39m [90m2 ms - 14[39m
[38;5;0m[HTTP][0m [90m[39m
[38;5;0m[HTTP][0m [37m-->[39m [37mPOST[39m [37m/wd/hub/session/68cbca85-2132-456b-900e-acb8e23dd519/element/00000000-0000-0998-ffff-ffff0000004e/clear[39m
[38;5;0m[HTTP][0m [90m{"id":"00000000-0000-0998-ffff-ffff0000004e"}[39m
[38;5;0m[HTTP][0m [37m<-- POST /wd/hub/session/68cbca85-2132-456b-900e-acb8e23dd519/element/00000000-0000-0998-ffff-ffff0000004e/clear [39m[32m200[39m [90m33 ms - 14[39m
[38;5;0m[HTTP][0m [90m[39m
[38;5;0m[HTTP][0m [37m-->[39m [37mPOST[39m [37m/wd/hub/session/68cbca85-2132-456b-900e-acb8e23dd519/element/00000000-0000-0998-ffff-ffff0000004e/click[39m
[38;5;0m[HTTP][0m [90m{"id":"00000000-0000-0998-ffff-ffff0000004e"}[39m
[38;5;0m[HTTP][0m [37m<-- POST /wd/hub/session/68cbca85-2132-456b-900e-acb8e23dd519/element/00000000-0000-0998-ffff-ffff0000004e/click [39m[32m200[39m [90m618 ms - 14[39m
[38;5;0m[HTTP][0m [90m[39m
[38;5;0m[HTTP][0m [37m-->[39m [37mPOST[39m [37m/wd/hub/session/68cbca85-2132-456b-900e-acb8e23dd519/element/00000000-0000-0998-ffff-ffff0000004e/value[39m
[38;5;0m[HTTP][0m [90m{"id":"00000000-0000-0998-ffff-ffff0000004e","text":"yudhatesting2","value":["y","u","d","h","a","t","e","s","t","i","n","g","2"]}[39m
[38;5;0m[HTTP][0m [37m<-- POST /wd/hub/session/68cbca85-2132-456b-900e-acb8e23dd519/element/00000000-0000-0998-ffff-ffff0000004e/value [39m[32m200[39m [90m1022 ms - 14[39m
[38;5;0m[HTTP][0m [90m[39m
[38;5;0m[HTTP][0m [37m-->[39m [37mPOST[39m [37m/wd/hub/session/68cbca85-2132-456b-900e-acb8e23dd519/timeouts[39m
[38;5;0m[HTTP][0m [90m{"implicit":50}[39m
[38;5;0m[HTTP][0m [37m<-- POST /wd/hub/session/68cbca85-2132-456b-900e-acb8e23dd519/timeouts [39m[32m200[39m [90m1 ms - 14[39m
[38;5;0m[HTTP][0m [90m[39m
[38;5;0m[HTTP][0m [37m-->[39m [37mGET[39m [37m/wd/hub/session/68cbca85-2132-456b-900e-acb8e23dd519/window/rect[39m
[38;5;0m[HTTP][0m [90m{}[39m
[38;5;0m[HTTP][0m [37m<-- GET /wd/hub/session/68cbca85-2132-456b-900e-acb8e23dd519/window/rect [39m[32m200[39m [90m18 ms - 50[39m
[38;5;0m[HTTP][0m [90m[39m
[38;5;0m[HTTP][0m [37m-->[39m [37mPOST[39m [37m/wd/hub/session/68cbca85-2132-456b-900e-acb8e23dd519/elements[39m
[38;5;0m[HTTP][0m [90m{"using":"xpath","value":"//hierarchy/android.widget.FrameLayout[1]/android.widget.LinearLayout[1]/android.widget.FrameLayout[1]/android.widget.LinearLayout[1]/android.widget.FrameLayout[1]/android.widget.RelativeLayout[1]/android.widget.LinearLayout[2]/android.widget.RelativeLayout[4]/android.widget.EditText[1]"}[39m
[38;5;0m[HTTP][0m [37m<-- POST /wd/hub/session/68cbca85-2132-456b-900e-acb8e23dd519/elements [39m[32m200[39m [90m608 ms - 139[39m
[38;5;0m[HTTP][0m [90m[39m
[38;5;0m[HTTP][0m [37m-->[39m [37mGET[39m [37m/wd/hub/session/68cbca85-2132-456b-900e-acb8e23dd519/element/00000000-0000-0998-ffff-ffff00000067/location[39m
[38;5;0m[HTTP][0m [90m{}[39m
[38;5;48m[AndroidUiautomator2Driver@5ddb (68cbca85)][0m Driver proxy active, passing request on via HTTP proxy
[38;5;48m[AndroidUiautomator2Driver@5ddb (68cbca85)][0m Replacing sessionId 6df503db-9f36-4c4b-a38f-585aebe0b09d with 68cbca85-2132-456b-900e-acb8e23dd519
[38;5;0m[HTTP][0m [37m<-- GET /wd/hub/session/68cbca85-2132-456b-900e-acb8e23dd519/element/00000000-0000-0998-ffff-ffff00000067/location [39m[32m200[39m [90m24 ms - 77[39m
[38;5;0m[HTTP][0m [90m[39m
[38;5;0m[HTTP][0m [37m-->[39m [37mPOST[39m [37m/wd/hub/session/68cbca85-2132-456b-900e-acb8e23dd519/timeouts[39m
[38;5;0m[HTTP][0m [90m{"implicit":30000}[39m
[38;5;0m[HTTP][0m [37m<-- POST /wd/hub/session/68cbca85-2132-456b-900e-acb8e23dd519/timeouts [39m[32m200[39m [90m1 ms - 14[39m
[38;5;0m[HTTP][0m [90m[39m
[38;5;0m[HTTP][0m [37m-->[39m [37mPOST[39m [37m/wd/hub/session/68cbca85-2132-456b-900e-acb8e23dd519/element/00000000-0000-0998-ffff-ffff00000067/clear[39m
[38;5;0m[HTTP][0m [90m{"id":"00000000-0000-0998-ffff-ffff00000067"}[39m
[38;5;0m[HTTP][0m [37m<-- POST /wd/hub/session/68cbca85-2132-456b-900e-acb8e23dd519/element/00000000-0000-0998-ffff-ffff00000067/clear [39m[32m200[39m [90m17 ms - 14[39m
[38;5;0m[HTTP][0m [90m[39m
[38;5;0m[HTTP][0m [37m-->[39m [37mPOST[39m [37m/wd/hub/session/68cbca85-2132-456b-900e-acb8e23dd519/element/00000000-0000-0998-ffff-ffff00000067/click[39m
[38;5;0m[HTTP][0m [90m{"id":"00000000-0000-0998-ffff-ffff00000067"}[39m
[38;5;0m[HTTP][0m [37m<-- POST /wd/hub/session/68cbca85-2132-456b-900e-acb8e23dd519/element/00000000-0000-0998-ffff-ffff00000067/click [39m[32m200[39m [90m626 ms - 14[39m
[38;5;0m[HTTP][0m [90m[39m
[38;5;0m[HTTP][0m [37m-->[39m [37mPOST[39m [37m/wd/hub/session/68cbca85-2132-456b-900e-acb8e23dd519/element/00000000-0000-0998-ffff-ffff00000067/value[39m
[38;5;0m[HTTP][0m [90m{"id":"00000000-0000-0998-ffff-ffff00000067","text":"Dharmayudha2","value":["D","h","a","r","m","a","y","u","d","h","a","2"]}[39m
[38;5;0m[HTTP][0m [37m<-- POST /wd/hub/session/68cbca85-2132-456b-900e-acb8e23dd519/element/00000000-0000-0998-ffff-ffff00000067/value [39m[32m200[39m [90m656 ms - 14[39m
[38;5;0m[HTTP][0m [90m[39m
[38;5;0m[HTTP][0m [37m-->[39m [37mPOST[39m [37m/wd/hub/session/68cbca85-2132-456b-900e-acb8e23dd519/timeouts[39m
[38;5;0m[HTTP][0m [90m{"implicit":50}[39m
[38;5;0m[HTTP][0m [37m<-- POST /wd/hub/session/68cbca85-2132-456b-900e-acb8e23dd519/timeouts [39m[32m200[39m [90m1 ms - 14[39m
[38;5;0m[HTTP][0m [90m[39m
[38;5;0m[HTTP][0m [37m-->[39m [37mGET[39m [37m/wd/hub/session/68cbca85-2132-456b-900e-acb8e23dd519/window/rect[39m
[38;5;0m[HTTP][0m [90m{}[39m
[38;5;0m[HTTP][0m [37m<-- GET /wd/hub/session/68cbca85-2132-456b-900e-acb8e23dd519/window/rect [39m[32m200[39m [90m20 ms - 50[39m
[38;5;0m[HTTP][0m [90m[39m
[38;5;0m[HTTP][0m [37m-->[39m [37mPOST[39m [37m/wd/hub/session/68cbca85-2132-456b-900e-acb8e23dd519/elements[39m
[38;5;0m[HTTP][0m [90m{"using":"xpath","value":"//*[@class = 'android.widget.Button' and (@text = 'LOGIN' or . = 'LOGIN') and @resource-id = 'com.Advantage.aShopping:id/buttonLogin']"}[39m
[38;5;0m[HTTP][0m [37m<-- POST /wd/hub/session/68cbca85-2132-456b-900e-acb8e23dd519/elements [39m[32m200[39m [90m557 ms - 139[39m
[38;5;0m[HTTP][0m [90m[39m
[38;5;0m[HTTP][0m [37m-->[39m [37mGET[39m [37m/wd/hub/session/68cbca85-2132-456b-900e-acb8e23dd519/element/00000000-0000-0998-ffff-ffff0000005e/location[39m
[38;5;0m[HTTP][0m [90m{}[39m
[38;5;48m[AndroidUiautomator2Driver@5ddb (68cbca85)][0m Driver proxy active, passing request on via HTTP proxy
[38;5;48m[AndroidUiautomator2Driver@5ddb (68cbca85)][0m Replacing sessionId 6df503db-9f36-4c4b-a38f-585aebe0b09d with 68cbca85-2132-456b-900e-acb8e23dd519
[38;5;0m[HTTP][0m [37m<-- GET /wd/hub/session/68cbca85-2132-456b-900e-acb8e23dd519/element/00000000-0000-0998-ffff-ffff0000005e/location [39m[32m200[39m [90m17 ms - 77[39m
[38;5;0m[HTTP][0m [90m[39m
[38;5;0m[HTTP][0m [37m-->[39m [37mPOST[39m [37m/wd/hub/session/68cbca85-2132-456b-900e-acb8e23dd519/timeouts[39m
[38;5;0m[HTTP][0m [90m{"implicit":30000}[39m
[38;5;0m[HTTP][0m [37m<-- POST /wd/hub/session/68cbca85-2132-456b-900e-acb8e23dd519/timeouts [39m[32m200[39m [90m2 ms - 14[39m
[38;5;0m[HTTP][0m [90m[39m
[38;5;0m[HTTP][0m [37m-->[39m [37mPOST[39m [37m/wd/hub/session/68cbca85-2132-456b-900e-acb8e23dd519/element/00000000-0000-0998-ffff-ffff0000005e/click[39m
[38;5;0m[HTTP][0m [90m{"id":"00000000-0000-0998-ffff-ffff0000005e"}[39m
[38;5;0m[HTTP][0m [37m<-- POST /wd/hub/session/68cbca85-2132-456b-900e-acb8e23dd519/element/00000000-0000-0998-ffff-ffff0000005e/click [39m[32m200[39m [90m41 ms - 14[39m
[38;5;0m[HTTP][0m [90m[39m
[38;5;0m[HTTP][0m [37m-->[39m [37mGET[39m [37m/wd/hub/session/68cbca85-2132-456b-900e-acb8e23dd519/context[39m
[38;5;0m[HTTP][0m [90m{}[39m
[38;5;0m[HTTP][0m [37m<-- GET /wd/hub/session/68cbca85-2132-456b-900e-acb8e23dd519/context [39m[32m200[39m [90m1 ms - 22[39m
[38;5;0m[HTTP][0m [90m[39m
[38;5;0m[HTTP][0m [37m-->[39m [37mGET[39m [37m/wd/hub/session/68cbca85-2132-456b-900e-acb8e23dd519/contexts[39m
[38;5;0m[HTTP][0m [90m{}[39m
[38;5;0m[HTTP][0m [37m<-- GET /wd/hub/session/68cbca85-2132-456b-900e-acb8e23dd519/contexts [39m[32m200[39m [90m284 ms - 24[39m
[38;5;0m[HTTP][0m [90m[39m
[38;5;0m[HTTP][0m [37m-->[39m [37mPOST[39m [37m/wd/hub/session/68cbca85-2132-456b-900e-acb8e23dd519/context[39m
[38;5;0m[HTTP][0m [90m{"name":"NATIVE_APP"}[39m
[38;5;0m[HTTP][0m [37m<-- POST /wd/hub/session/68cbca85-2132-456b-900e-acb8e23dd519/context [39m[32m200[39m [90m2 ms - 14[39m
[38;5;0m[HTTP][0m [90m[39m
[38;5;0m[HTTP][0m [37m-->[39m [37mPOST[39m [37m/wd/hub/session/68cbca85-2132-456b-900e-acb8e23dd519/appium/device/hide_keyboard[39m
[38;5;0m[HTTP][0m [90m{}[39m
[38;5;0m[HTTP][0m [37m<-- POST /wd/hub/session/68cbca85-2132-456b-900e-acb8e23dd519/appium/device/hide_keyboard [39m[32m200[39m [90m1636 ms - 14[39m
[38;5;0m[HTTP][0m [90m[39m
[38;5;0m[HTTP][0m [37m-->[39m [37mPOST[39m [37m/wd/hub/session/68cbca85-2132-456b-900e-acb8e23dd519/context[39m
[38;5;0m[HTTP][0m [90m{"name":"NATIVE_APP"}[39m
[38;5;0m[HTTP][0m [37m<-- POST /wd/hub/session/68cbca85-2132-456b-900e-acb8e23dd519/context [39m[32m200[39m [90m2 ms - 14[39m
[38;5;0m[HTTP][0m [90m[39m
[38;5;0m[HTTP][0m [37m-->[39m [37mPOST[39m [37m/wd/hub/session/68cbca85-2132-456b-900e-acb8e23dd519/timeouts[39m
[38;5;0m[HTTP][0m [90m{"implicit":50}[39m
[38;5;0m[HTTP][0m [37m<-- POST /wd/hub/session/68cbca85-2132-456b-900e-acb8e23dd519/timeouts [39m[32m200[39m [90m2 ms - 14[39m
[38;5;0m[HTTP][0m [90m[39m
[38;5;0m[HTTP][0m [37m-->[39m [37mGET[39m [37m/wd/hub/session/68cbca85-2132-456b-900e-acb8e23dd519/window/rect[39m
[38;5;0m[HTTP][0m [90m{}[39m
[38;5;0m[HTTP][0m [37m<-- GET /wd/hub/session/68cbca85-2132-456b-900e-acb8e23dd519/window/rect [39m[32m200[39m [90m12 ms - 50[39m
[38;5;0m[HTTP][0m [90m[39m
[38;5;0m[HTTP][0m [37m-->[39m [37mPOST[39m [37m/wd/hub/session/68cbca85-2132-456b-900e-acb8e23dd519/elements[39m
[38;5;0m[HTTP][0m [90m{"using":"xpath","value":"//hierarchy/android.widget.FrameLayout[1]/android.widget.LinearLayout[1]/android.widget.FrameLayout[1]/android.widget.LinearLayout[1]/android.widget.FrameLayout[1]/androidx.drawerlayout.widget.DrawerLayout[1]/android.view.ViewGroup[1]/android.widget.LinearLayout[2]/android.widget.LinearLayout[1]/androidx.recyclerview.widget.RecyclerView[1]/android.widget.RelativeLayout[1]/android.widget.ImageView[1]"}[39m
[38;5;0m[HTTP][0m [37m<-- POST /wd/hub/session/68cbca85-2132-456b-900e-acb8e23dd519/elements [39m[32m200[39m [90m508 ms - 139[39m
[38;5;0m[HTTP][0m [90m[39m
[38;5;0m[HTTP][0m [37m-->[39m [37mGET[39m [37m/wd/hub/session/68cbca85-2132-456b-900e-acb8e23dd519/element/00000000-0000-099a-ffff-ffff00000094/location[39m
[38;5;0m[HTTP][0m [90m{}[39m
[38;5;48m[AndroidUiautomator2Driver@5ddb (68cbca85)][0m Driver proxy active, passing request on via HTTP proxy
[38;5;48m[AndroidUiautomator2Driver@5ddb (68cbca85)][0m Replacing sessionId 6df503db-9f36-4c4b-a38f-585aebe0b09d with 68cbca85-2132-456b-900e-acb8e23dd519
[38;5;0m[HTTP][0m [37m<-- GET /wd/hub/session/68cbca85-2132-456b-900e-acb8e23dd519/element/00000000-0000-099a-ffff-ffff00000094/location [39m[32m200[39m [90m18 ms - 76[39m
[38;5;0m[HTTP][0m [90m[39m
[38;5;0m[HTTP][0m [37m-->[39m [37mPOST[39m [37m/wd/hub/session/68cbca85-2132-456b-900e-acb8e23dd519/timeouts[39m
[38;5;0m[HTTP][0m [90m{"implicit":30000}[39m
[38;5;0m[HTTP][0m [37m<-- POST /wd/hub/session/68cbca85-2132-456b-900e-acb8e23dd519/timeouts [39m[32m200[39m [90m1 ms - 14[39m
[38;5;0m[HTTP][0m [90m[39m
[38;5;0m[HTTP][0m [37m-->[39m [37mPOST[39m [37m/wd/hub/session/68cbca85-2132-456b-900e-acb8e23dd519/element/00000000-0000-099a-ffff-ffff00000094/click[39m
[38;5;0m[HTTP][0m [90m{"id":"00000000-0000-099a-ffff-ffff00000094"}[39m
[38;5;0m[HTTP][0m [37m<-- POST /wd/hub/session/68cbca85-2132-456b-900e-acb8e23dd519/element/00000000-0000-099a-ffff-ffff00000094/click [39m[32m200[39m [90m40 ms - 14[39m
[38;5;0m[HTTP][0m [90m[39m
[38;5;0m[HTTP][0m [37m-->[39m [37mGET[39m [37m/wd/hub/session/68cbca85-2132-456b-900e-acb8e23dd519/context[39m
[38;5;0m[HTTP][0m [90m{}[39m
[38;5;0m[HTTP][0m [37m<-- GET /wd/hub/session/68cbca85-2132-456b-900e-acb8e23dd519/context [39m[32m200[39m [90m1 ms - 22[39m
[38;5;0m[HTTP][0m [90m[39m
[38;5;0m[HTTP][0m [37m-->[39m [37mGET[39m [37m/wd/hub/session/68cbca85-2132-456b-900e-acb8e23dd519/contexts[39m
[38;5;0m[HTTP][0m [90m{}[39m
[38;5;0m[HTTP][0m [37m<-- GET /wd/hub/session/68cbca85-2132-456b-900e-acb8e23dd519/contexts [39m[32m200[39m [90m261 ms - 24[39m
[38;5;0m[HTTP][0m [90m[39m
[38;5;0m[HTTP][0m [37m-->[39m [37mPOST[39m [37m/wd/hub/session/68cbca85-2132-456b-900e-acb8e23dd519/context[39m
[38;5;0m[HTTP][0m [90m{"name":"NATIVE_APP"}[39m
[38;5;0m[HTTP][0m [37m<-- POST /wd/hub/session/68cbca85-2132-456b-900e-acb8e23dd519/context [39m[32m200[39m [90m1 ms - 14[39m
[38;5;0m[HTTP][0m [90m[39m
[38;5;0m[HTTP][0m [37m-->[39m [37mPOST[39m [37m/wd/hub/session/68cbca85-2132-456b-900e-acb8e23dd519/appium/device/hide_keyboard[39m
[38;5;0m[HTTP][0m [90m{}[39m
[38;5;64m[ADB][0m Keyboard has no UI; no closing necessary
[38;5;0m[HTTP][0m [37m<-- POST /wd/hub/session/68cbca85-2132-456b-900e-acb8e23dd519/appium/device/hide_keyboard [39m[32m200[39m [90m82 ms - 15[39m
[38;5;0m[HTTP][0m [90m[39m
[38;5;0m[HTTP][0m [37m-->[39m [37mPOST[39m [37m/wd/hub/session/68cbca85-2132-456b-900e-acb8e23dd519/context[39m
[38;5;0m[HTTP][0m [90m{"name":"NATIVE_APP"}[39m
[38;5;0m[HTTP][0m [37m<-- POST /wd/hub/session/68cbca85-2132-456b-900e-acb8e23dd519/context [39m[32m200[39m [90m1 ms - 14[39m
[38;5;0m[HTTP][0m [90m[39m
[38;5;0m[HTTP][0m [37m-->[39m [37mPOST[39m [37m/wd/hub/session/68cbca85-2132-456b-900e-acb8e23dd519/timeouts[39m
[38;5;0m[HTTP][0m [90m{"implicit":50}[39m
[38;5;0m[HTTP][0m [37m<-- POST /wd/hub/session/68cbca85-2132-456b-900e-acb8e23dd519/timeouts [39m[32m200[39m [90m2 ms - 14[39m
[38;5;0m[HTTP][0m [90m[39m
[38;5;0m[HTTP][0m [37m-->[39m [37mGET[39m [37m/wd/hub/session/68cbca85-2132-456b-900e-acb8e23dd519/window/rect[39m
[38;5;0m[HTTP][0m [90m{}[39m
[38;5;0m[HTTP][0m [37m<-- GET /wd/hub/session/68cbca85-2132-456b-900e-acb8e23dd519/window/rect [39m[32m200[39m [90m17 ms - 50[39m
[38;5;0m[HTTP][0m [90m[39m
[38;5;0m[HTTP][0m [37m-->[39m [37mPOST[39m [37m/wd/hub/session/68cbca85-2132-456b-900e-acb8e23dd519/elements[39m
[38;5;0m[HTTP][0m [90m{"using":"xpath","value":"//hierarchy/android.widget.FrameLayout[1]/android.widget.LinearLayout[1]/android.widget.FrameLayout[1]/android.widget.LinearLayout[1]/android.widget.FrameLayout[1]/androidx.drawerlayout.widget.DrawerLayout[1]/android.view.ViewGroup[1]/android.widget.LinearLayout[2]/android.widget.RelativeLayout[1]/android.widget.LinearLayout[1]/android.widget.GridView[1]/android.widget.RelativeLayout[1]"}[39m
[38;5;0m[HTTP][0m [37m<-- POST /wd/hub/session/68cbca85-2132-456b-900e-acb8e23dd519/elements [39m[32m200[39m [90m275 ms - 12[39m
[38;5;0m[HTTP][0m [90m[39m
[38;5;0m[HTTP][0m [37m-->[39m [37mPOST[39m [37m/wd/hub/session/68cbca85-2132-456b-900e-acb8e23dd519/elements[39m
[38;5;0m[HTTP][0m [90m{"using":"xpath","value":"//hierarchy/android.widget.FrameLayout[1]/android.widget.LinearLayout[1]/android.widget.FrameLayout[1]/android.widget.LinearLayout[1]/android.widget.FrameLayout[1]/androidx.drawerlayout.widget.DrawerLayout[1]/android.view.ViewGroup[1]/android.widget.LinearLayout[2]/android.widget.RelativeLayout[1]/android.widget.LinearLayout[1]/android.widget.GridView[1]/android.widget.RelativeLayout[1]"}[39m
[38;5;0m[HTTP][0m [37m<-- POST /wd/hub/session/68cbca85-2132-456b-900e-acb8e23dd519/elements [39m[32m200[39m [90m100 ms - 12[39m
[38;5;0m[HTTP][0m [90m[39m
[38;5;0m[HTTP][0m [37m-->[39m [37mPOST[39m [37m/wd/hub/session/68cbca85-2132-456b-900e-acb8e23dd519/elements[39m
[38;5;0m[HTTP][0m [90m{"using":"xpath","value":"//hierarchy/android.widget.FrameLayout[1]/android.widget.LinearLayout[1]/android.widget.FrameLayout[1]/android.widget.LinearLayout[1]/android.widget.FrameLayout[1]/androidx.drawerlayout.widget.DrawerLayout[1]/android.view.ViewGroup[1]/android.widget.LinearLayout[2]/android.widget.RelativeLayout[1]/android.widget.LinearLayout[1]/android.widget.GridView[1]/android.widget.RelativeLayout[1]"}[39m
[38;5;0m[HTTP][0m [37m<-- POST /wd/hub/session/68cbca85-2132-456b-900e-acb8e23dd519/elements [39m[32m200[39m [90m93 ms - 12[39m
[38;5;0m[HTTP][0m [90m[39m
[38;5;0m[HTTP][0m [37m-->[39m [37mPOST[39m [37m/wd/hub/session/68cbca85-2132-456b-900e-acb8e23dd519/elements[39m
[38;5;0m[HTTP][0m [90m{"using":"xpath","value":"//hierarchy/android.widget.FrameLayout[1]/android.widget.LinearLayout[1]/android.widget.FrameLayout[1]/android.widget.LinearLayout[1]/android.widget.FrameLayout[1]/androidx.drawerlayout.widget.DrawerLayout[1]/android.view.ViewGroup[1]/android.widget.LinearLayout[2]/android.widget.RelativeLayout[1]/android.widget.LinearLayout[1]/android.widget.GridView[1]/android.widget.RelativeLayout[1]"}[39m
[38;5;0m[HTTP][0m [37m<-- POST /wd/hub/session/68cbca85-2132-456b-900e-acb8e23dd519/elements [39m[32m200[39m [90m206 ms - 12[39m
[38;5;0m[HTTP][0m [90m[39m
[38;5;0m[HTTP][0m [37m-->[39m [37mPOST[39m [37m/wd/hub/session/68cbca85-2132-456b-900e-acb8e23dd519/elements[39m
[38;5;0m[HTTP][0m [90m{"using":"xpath","value":"//hierarchy/android.widget.FrameLayout[1]/android.widget.LinearLayout[1]/android.widget.FrameLayout[1]/android.widget.LinearLayout[1]/android.widget.FrameLayout[1]/androidx.drawerlayout.widget.DrawerLayout[1]/android.view.ViewGroup[1]/android.widget.LinearLayout[2]/android.widget.RelativeLayout[1]/android.widget.LinearLayout[1]/android.widget.GridView[1]/android.widget.RelativeLayout[1]"}[39m
[38;5;0m[HTTP][0m [37m<-- POST /wd/hub/session/68cbca85-2132-456b-900e-acb8e23dd519/elements [39m[32m200[39m [90m3311 ms - 139[39m
[38;5;0m[HTTP][0m [90m[39m
[38;5;0m[HTTP][0m [37m-->[39m [37mGET[39m [37m/wd/hub/session/68cbca85-2132-456b-900e-acb8e23dd519/element/00000000-0000-099a-ffff-ffff000000d3/location[39m
[38;5;0m[HTTP][0m [90m{}[39m
[38;5;48m[AndroidUiautomator2Driver@5ddb (68cbca85)][0m Driver proxy active, passing request on via HTTP proxy
[38;5;48m[AndroidUiautomator2Driver@5ddb (68cbca85)][0m Replacing sessionId 6df503db-9f36-4c4b-a38f-585aebe0b09d with 68cbca85-2132-456b-900e-acb8e23dd519
[38;5;0m[HTTP][0m [37m<-- GET /wd/hub/session/68cbca85-2132-456b-900e-acb8e23dd519/element/00000000-0000-099a-ffff-ffff000000d3/location [39m[32m200[39m [90m556 ms - 76[39m
[38;5;0m[HTTP][0m [90m[39m
[38;5;0m[HTTP][0m [37m-->[39m [37mPOST[39m [37m/wd/hub/session/68cbca85-2132-456b-900e-acb8e23dd519/timeouts[39m
[38;5;0m[HTTP][0m [90m{"implicit":30000}[39m
[38;5;0m[HTTP][0m [37m<-- POST /wd/hub/session/68cbca85-2132-456b-900e-acb8e23dd519/timeouts [39m[32m200[39m [90m1 ms - 14[39m
[38;5;0m[HTTP][0m [90m[39m
[38;5;0m[HTTP][0m [37m-->[39m [37mPOST[39m [37m/wd/hub/session/68cbca85-2132-456b-900e-acb8e23dd519/element/00000000-0000-099a-ffff-ffff000000d3/click[39m
[38;5;0m[HTTP][0m [90m{"id":"00000000-0000-099a-ffff-ffff000000d3"}[39m
[38;5;0m[HTTP][0m [37m<-- POST /wd/hub/session/68cbca85-2132-456b-900e-acb8e23dd519/element/00000000-0000-099a-ffff-ffff000000d3/click [39m[32m200[39m [90m1492 ms - 14[39m
[38;5;0m[HTTP][0m [90m[39m
[38;5;0m[HTTP][0m [37m-->[39m [37mPOST[39m [37m/wd/hub/session/68cbca85-2132-456b-900e-acb8e23dd519/timeouts[39m
[38;5;0m[HTTP][0m [90m{"implicit":50}[39m
[38;5;0m[HTTP][0m [37m<-- POST /wd/hub/session/68cbca85-2132-456b-900e-acb8e23dd519/timeouts [39m[32m200[39m [90m1 ms - 14[39m
[38;5;0m[HTTP][0m [90m[39m
[38;5;0m[HTTP][0m [37m-->[39m [37mGET[39m [37m/wd/hub/session/68cbca85-2132-456b-900e-acb8e23dd519/window/rect[39m
[38;5;0m[HTTP][0m [90m{}[39m
[38;5;0m[HTTP][0m [37m<-- GET /wd/hub/session/68cbca85-2132-456b-900e-acb8e23dd519/window/rect [39m[32m200[39m [90m14 ms - 50[39m
[38;5;0m[HTTP][0m [90m[39m
[38;5;0m[HTTP][0m [37m-->[39m [37mPOST[39m [37m/wd/hub/session/68cbca85-2132-456b-900e-acb8e23dd519/elements[39m
[38;5;0m[HTTP][0m [90m{"using":"xpath","value":"//*[@class = 'android.widget.Button' and (@text = 'ADD TO CART' or . = 'ADD TO CART') and @resource-id = 'com.Advantage.aShopping:id/buttonProductAddToCart']"}[39m
[38;5;0m[HTTP][0m [37m<-- POST /wd/hub/session/68cbca85-2132-456b-900e-acb8e23dd519/elements [39m[32m200[39m [90m139 ms - 139[39m
[38;5;0m[HTTP][0m [90m[39m
[38;5;0m[HTTP][0m [37m-->[39m [37mGET[39m [37m/wd/hub/session/68cbca85-2132-456b-900e-acb8e23dd519/element/00000000-0000-099b-ffff-ffff0000010a/location[39m
[38;5;0m[HTTP][0m [90m{}[39m
[38;5;48m[AndroidUiautomator2Driver@5ddb (68cbca85)][0m Driver proxy active, passing request on via HTTP proxy
[38;5;48m[AndroidUiautomator2Driver@5ddb (68cbca85)][0m Replacing sessionId 6df503db-9f36-4c4b-a38f-585aebe0b09d with 68cbca85-2132-456b-900e-acb8e23dd519
[38;5;0m[HTTP][0m [37m<-- GET /wd/hub/session/68cbca85-2132-456b-900e-acb8e23dd519/element/00000000-0000-099b-ffff-ffff0000010a/location [39m[32m200[39m [90m17 ms - 77[39m
[38;5;0m[HTTP][0m [90m[39m
[38;5;0m[HTTP][0m [37m-->[39m [37mPOST[39m [37m/wd/hub/session/68cbca85-2132-456b-900e-acb8e23dd519/timeouts[39m
[38;5;0m[HTTP][0m [90m{"implicit":30000}[39m
[38;5;0m[HTTP][0m [37m<-- POST /wd/hub/session/68cbca85-2132-456b-900e-acb8e23dd519/timeouts [39m[32m200[39m [90m2 ms - 14[39m
[38;5;0m[HTTP][0m [90m[39m
[38;5;0m[HTTP][0m [37m-->[39m [37mPOST[39m [37m/wd/hub/session/68cbca85-2132-456b-900e-acb8e23dd519/element/00000000-0000-099b-ffff-ffff0000010a/click[39m
[38;5;0m[HTTP][0m [90m{"id":"00000000-0000-099b-ffff-ffff0000010a"}[39m
[38;5;0m[HTTP][0m [37m<-- POST /wd/hub/session/68cbca85-2132-456b-900e-acb8e23dd519/element/00000000-0000-099b-ffff-ffff0000010a/click [39m[32m200[39m [90m42 ms - 14[39m
[38;5;0m[HTTP][0m [90m[39m
[38;5;0m[HTTP][0m [37m-->[39m [37mGET[39m [37m/wd/hub/session/68cbca85-2132-456b-900e-acb8e23dd519/context[39m
[38;5;0m[HTTP][0m [90m{}[39m
[38;5;0m[HTTP][0m [37m<-- GET /wd/hub/session/68cbca85-2132-456b-900e-acb8e23dd519/context [39m[32m200[39m [90m1 ms - 22[39m
[38;5;0m[HTTP][0m [90m[39m
[38;5;0m[HTTP][0m [37m-->[39m [37mGET[39m [37m/wd/hub/session/68cbca85-2132-456b-900e-acb8e23dd519/contexts[39m
[38;5;0m[HTTP][0m [90m{}[39m
[38;5;0m[HTTP][0m [37m<-- GET /wd/hub/session/68cbca85-2132-456b-900e-acb8e23dd519/contexts [39m[32m200[39m [90m264 ms - 24[39m
[38;5;0m[HTTP][0m [90m[39m
[38;5;0m[HTTP][0m [37m-->[39m [37mPOST[39m [37m/wd/hub/session/68cbca85-2132-456b-900e-acb8e23dd519/context[39m
[38;5;0m[HTTP][0m [90m{"name":"NATIVE_APP"}[39m
[38;5;0m[HTTP][0m [37m<-- POST /wd/hub/session/68cbca85-2132-456b-900e-acb8e23dd519/context [39m[32m200[39m [90m2 ms - 14[39m
[38;5;0m[HTTP][0m [90m[39m
[38;5;0m[HTTP][0m [37m-->[39m [37mPOST[39m [37m/wd/hub/session/68cbca85-2132-456b-900e-acb8e23dd519/appium/device/hide_keyboard[39m
[38;5;0m[HTTP][0m [90m{}[39m
[38;5;64m[ADB][0m Keyboard has no UI; no closing necessary
[38;5;0m[HTTP][0m [37m<-- POST /wd/hub/session/68cbca85-2132-456b-900e-acb8e23dd519/appium/device/hide_keyboard [39m[32m200[39m [90m109 ms - 15[39m
[38;5;0m[HTTP][0m [90m[39m
[38;5;0m[HTTP][0m [37m-->[39m [37mPOST[39m [37m/wd/hub/session/68cbca85-2132-456b-900e-acb8e23dd519/context[39m
[38;5;0m[HTTP][0m [90m{"name":"NATIVE_APP"}[39m
[38;5;0m[HTTP][0m [37m<-- POST /wd/hub/session/68cbca85-2132-456b-900e-acb8e23dd519/context [39m[32m200[39m [90m3 ms - 14[39m
[38;5;0m[HTTP][0m [90m[39m
[38;5;0m[HTTP][0m [37m-->[39m [37mPOST[39m [37m/wd/hub/session/68cbca85-2132-456b-900e-acb8e23dd519/timeouts[39m
[38;5;0m[HTTP][0m [90m{"implicit":50}[39m
[38;5;0m[HTTP][0m [37m<-- POST /wd/hub/session/68cbca85-2132-456b-900e-acb8e23dd519/timeouts [39m[32m200[39m [90m2 ms - 14[39m
[38;5;0m[HTTP][0m [90m[39m
[38;5;0m[HTTP][0m [37m-->[39m [37mGET[39m [37m/wd/hub/session/68cbca85-2132-456b-900e-acb8e23dd519/window/rect[39m
[38;5;0m[HTTP][0m [90m{}[39m
[38;5;0m[HTTP][0m [37m<-- GET /wd/hub/session/68cbca85-2132-456b-900e-acb8e23dd519/window/rect [39m[32m200[39m [90m21 ms - 50[39m
[38;5;0m[HTTP][0m [90m[39m
[38;5;0m[HTTP][0m [37m-->[39m [37mPOST[39m [37m/wd/hub/session/68cbca85-2132-456b-900e-acb8e23dd519/elements[39m
[38;5;0m[HTTP][0m [90m{"using":"xpath","value":"//*[@class = 'android.widget.ImageView' and @resource-id = 'com.Advantage.aShopping:id/imageViewCart' and (@text = '' or . = '')]"}[39m
[38;5;0m[HTTP][0m [37m<-- POST /wd/hub/session/68cbca85-2132-456b-900e-acb8e23dd519/elements [39m[32m200[39m [90m304 ms - 12[39m
[38;5;0m[HTTP][0m [90m[39m
[38;5;0m[HTTP][0m [37m-->[39m [37mPOST[39m [37m/wd/hub/session/68cbca85-2132-456b-900e-acb8e23dd519/elements[39m
[38;5;0m[HTTP][0m [90m{"using":"xpath","value":"//*[@class = 'android.widget.ImageView' and @resource-id = 'com.Advantage.aShopping:id/imageViewCart' and (@text = '' or . = '')]"}[39m
[38;5;0m[HTTP][0m [37m<-- POST /wd/hub/session/68cbca85-2132-456b-900e-acb8e23dd519/elements [39m[32m200[39m [90m121 ms - 12[39m
[38;5;0m[HTTP][0m [90m[39m
[38;5;0m[HTTP][0m [37m-->[39m [37mPOST[39m [37m/wd/hub/session/68cbca85-2132-456b-900e-acb8e23dd519/elements[39m
[38;5;0m[HTTP][0m [90m{"using":"xpath","value":"//*[@class = 'android.widget.ImageView' and @resource-id = 'com.Advantage.aShopping:id/imageViewCart' and (@text = '' or . = '')]"}[39m
[38;5;0m[HTTP][0m [37m<-- POST /wd/hub/session/68cbca85-2132-456b-900e-acb8e23dd519/elements [39m[32m200[39m [90m76 ms - 12[39m
[38;5;0m[HTTP][0m [90m[39m
[38;5;0m[HTTP][0m [37m-->[39m [37mPOST[39m [37m/wd/hub/session/68cbca85-2132-456b-900e-acb8e23dd519/elements[39m
[38;5;0m[HTTP][0m [90m{"using":"xpath","value":"//*[@class = 'android.widget.ImageView' and @resource-id = 'com.Advantage.aShopping:id/imageViewCart' and (@text = '' or . = '')]"}[39m
[38;5;0m[HTTP][0m [37m<-- POST /wd/hub/session/68cbca85-2132-456b-900e-acb8e23dd519/elements [39m[32m200[39m [90m62 ms - 12[39m
[38;5;0m[HTTP][0m [90m[39m
[38;5;0m[HTTP][0m [37m-->[39m [37mPOST[39m [37m/wd/hub/session/68cbca85-2132-456b-900e-acb8e23dd519/elements[39m
[38;5;0m[HTTP][0m [90m{"using":"xpath","value":"//*[@class = 'android.widget.ImageView' and @resource-id = 'com.Advantage.aShopping:id/imageViewCart' and (@text = '' or . = '')]"}[39m
[38;5;0m[HTTP][0m [37m<-- POST /wd/hub/session/68cbca85-2132-456b-900e-acb8e23dd519/elements [39m[32m200[39m [90m96 ms - 12[39m
[38;5;0m[HTTP][0m [90m[39m
[38;5;0m[HTTP][0m [37m-->[39m [37mPOST[39m [37m/wd/hub/session/68cbca85-2132-456b-900e-acb8e23dd519/elements[39m
[38;5;0m[HTTP][0m [90m{"using":"xpath","value":"//*[@class = 'android.widget.ImageView' and @resource-id = 'com.Advantage.aShopping:id/imageViewCart' and (@text = '' or . = '')]"}[39m
[38;5;0m[HTTP][0m [37m<-- POST /wd/hub/session/68cbca85-2132-456b-900e-acb8e23dd519/elements [39m[32m200[39m [90m67 ms - 12[39m
[38;5;0m[HTTP][0m [90m[39m
[38;5;0m[HTTP][0m [37m-->[39m [37mPOST[39m [37m/wd/hub/session/68cbca85-2132-456b-900e-acb8e23dd519/elements[39m
[38;5;0m[HTTP][0m [90m{"using":"xpath","value":"//*[@class = 'android.widget.ImageView' and @resource-id = 'com.Advantage.aShopping:id/imageViewCart' and (@text = '' or . = '')]"}[39m
[38;5;0m[HTTP][0m [37m<-- POST /wd/hub/session/68cbca85-2132-456b-900e-acb8e23dd519/elements [39m[32m200[39m [90m80 ms - 12[39m
[38;5;0m[HTTP][0m [90m[39m
[38;5;0m[HTTP][0m [37m-->[39m [37mPOST[39m [37m/wd/hub/session/68cbca85-2132-456b-900e-acb8e23dd519/elements[39m
[38;5;0m[HTTP][0m [90m{"using":"xpath","value":"//*[@class = 'android.widget.ImageView' and @resource-id = 'com.Advantage.aShopping:id/imageViewCart' and (@text = '' or . = '')]"}[39m
[38;5;0m[HTTP][0m [37m<-- POST /wd/hub/session/68cbca85-2132-456b-900e-acb8e23dd519/elements [39m[32m200[39m [90m73 ms - 12[39m
[38;5;0m[HTTP][0m [90m[39m
[38;5;0m[HTTP][0m [37m-->[39m [37mPOST[39m [37m/wd/hub/session/68cbca85-2132-456b-900e-acb8e23dd519/elements[39m
[38;5;0m[HTTP][0m [90m{"using":"xpath","value":"//*[@class = 'android.widget.ImageView' and @resource-id = 'com.Advantage.aShopping:id/imageViewCart' and (@text = '' or . = '')]"}[39m
[38;5;0m[HTTP][0m [37m<-- POST /wd/hub/session/68cbca85-2132-456b-900e-acb8e23dd519/elements [39m[32m200[39m [90m69 ms - 12[39m
[38;5;0m[HTTP][0m [90m[39m
[38;5;0m[HTTP][0m [37m-->[39m [37mPOST[39m [37m/wd/hub/session/68cbca85-2132-456b-900e-acb8e23dd519/elements[39m
[38;5;0m[HTTP][0m [90m{"using":"xpath","value":"//*[@class = 'android.widget.ImageView' and @resource-id = 'com.Advantage.aShopping:id/imageViewCart' and (@text = '' or . = '')]"}[39m
[38;5;0m[HTTP][0m [37m<-- POST /wd/hub/session/68cbca85-2132-456b-900e-acb8e23dd519/elements [39m[32m200[39m [90m400 ms - 139[39m
[38;5;0m[HTTP][0m [90m[39m
[38;5;0m[HTTP][0m [37m-->[39m [37mGET[39m [37m/wd/hub/session/68cbca85-2132-456b-900e-acb8e23dd519/element/00000000-0000-099b-ffff-ffff00000108/location[39m
[38;5;0m[HTTP][0m [90m{}[39m
[38;5;48m[AndroidUiautomator2Driver@5ddb (68cbca85)][0m Driver proxy active, passing request on via HTTP proxy
[38;5;48m[AndroidUiautomator2Driver@5ddb (68cbca85)][0m Replacing sessionId 6df503db-9f36-4c4b-a38f-585aebe0b09d with 68cbca85-2132-456b-900e-acb8e23dd519
[38;5;0m[HTTP][0m [37m<-- GET /wd/hub/session/68cbca85-2132-456b-900e-acb8e23dd519/element/00000000-0000-099b-ffff-ffff00000108/location [39m[32m200[39m [90m222 ms - 77[39m
[38;5;0m[HTTP][0m [90m[39m
[38;5;0m[HTTP][0m [37m-->[39m [37mPOST[39m [37m/wd/hub/session/68cbca85-2132-456b-900e-acb8e23dd519/timeouts[39m
[38;5;0m[HTTP][0m [90m{"implicit":30000}[39m
[38;5;0m[HTTP][0m [37m<-- POST /wd/hub/session/68cbca85-2132-456b-900e-acb8e23dd519/timeouts [39m[32m200[39m [90m1 ms - 14[39m
[38;5;0m[HTTP][0m [90m[39m
[38;5;0m[HTTP][0m [37m-->[39m [37mPOST[39m [37m/wd/hub/session/68cbca85-2132-456b-900e-acb8e23dd519/element/00000000-0000-099b-ffff-ffff00000108/click[39m
[38;5;0m[HTTP][0m [90m{"id":"00000000-0000-099b-ffff-ffff00000108"}[39m
[38;5;0m[HTTP][0m [37m<-- POST /wd/hub/session/68cbca85-2132-456b-900e-acb8e23dd519/element/00000000-0000-099b-ffff-ffff00000108/click [39m[32m200[39m [90m37 ms - 14[39m
[38;5;0m[HTTP][0m [90m[39m
[38;5;0m[HTTP][0m [37m-->[39m [37mPOST[39m [37m/wd/hub/session/68cbca85-2132-456b-900e-acb8e23dd519/timeouts[39m
[38;5;0m[HTTP][0m [90m{"implicit":50}[39m
[38;5;0m[HTTP][0m [37m<-- POST /wd/hub/session/68cbca85-2132-456b-900e-acb8e23dd519/timeouts [39m[32m200[39m [90m1 ms - 14[39m
[38;5;0m[HTTP][0m [90m[39m
[38;5;0m[HTTP][0m [37m-->[39m [37mGET[39m [37m/wd/hub/session/68cbca85-2132-456b-900e-acb8e23dd519/window/rect[39m
[38;5;0m[HTTP][0m [90m{}[39m
[38;5;0m[HTTP][0m [37m<-- GET /wd/hub/session/68cbca85-2132-456b-900e-acb8e23dd519/window/rect [39m[32m200[39m [90m19 ms - 50[39m
[38;5;0m[HTTP][0m [90m[39m
[38;5;0m[HTTP][0m [37m-->[39m [37mPOST[39m [37m/wd/hub/session/68cbca85-2132-456b-900e-acb8e23dd519/elements[39m
[38;5;0m[HTTP][0m [90m{"using":"xpath","value":"//*[@class = 'android.widget.Button' and (@text = 'CHECKOUT (PAY $299.99)' or . = 'CHECKOUT (PAY $299.99)') and @resource-id = 'com.Advantage.aShopping:id/buttonCheckOut']"}[39m
[38;5;0m[HTTP][0m [37m<-- POST /wd/hub/session/68cbca85-2132-456b-900e-acb8e23dd519/elements [39m[32m200[39m [90m1177 ms - 139[39m
[38;5;0m[HTTP][0m [90m[39m
[38;5;0m[HTTP][0m [37m-->[39m [37mGET[39m [37m/wd/hub/session/68cbca85-2132-456b-900e-acb8e23dd519/element/00000000-0000-099d-ffff-ffff0000013b/location[39m
[38;5;0m[HTTP][0m [90m{}[39m
[38;5;48m[AndroidUiautomator2Driver@5ddb (68cbca85)][0m Driver proxy active, passing request on via HTTP proxy
[38;5;48m[AndroidUiautomator2Driver@5ddb (68cbca85)][0m Replacing sessionId 6df503db-9f36-4c4b-a38f-585aebe0b09d with 68cbca85-2132-456b-900e-acb8e23dd519
[38;5;0m[HTTP][0m [37m<-- GET /wd/hub/session/68cbca85-2132-456b-900e-acb8e23dd519/element/00000000-0000-099d-ffff-ffff0000013b/location [39m[32m200[39m [90m13 ms - 77[39m
[38;5;0m[HTTP][0m [90m[39m
[38;5;0m[HTTP][0m [37m-->[39m [37mPOST[39m [37m/wd/hub/session/68cbca85-2132-456b-900e-acb8e23dd519/timeouts[39m
[38;5;0m[HTTP][0m [90m{"implicit":30000}[39m
[38;5;0m[HTTP][0m [37m<-- POST /wd/hub/session/68cbca85-2132-456b-900e-acb8e23dd519/timeouts [39m[32m200[39m [90m1 ms - 14[39m
[38;5;0m[HTTP][0m [90m[39m
[38;5;0m[HTTP][0m [37m-->[39m [37mPOST[39m [37m/wd/hub/session/68cbca85-2132-456b-900e-acb8e23dd519/element/00000000-0000-099d-ffff-ffff0000013b/click[39m
[38;5;0m[HTTP][0m [90m{"id":"00000000-0000-099d-ffff-ffff0000013b"}[39m
[38;5;0m[HTTP][0m [37m<-- POST /wd/hub/session/68cbca85-2132-456b-900e-acb8e23dd519/element/00000000-0000-099d-ffff-ffff0000013b/click [39m[32m200[39m [90m50 ms - 14[39m
[38;5;0m[HTTP][0m [90m[39m
[38;5;0m[HTTP][0m [37m-->[39m [37mGET[39m [37m/wd/hub/session/68cbca85-2132-456b-900e-acb8e23dd519/context[39m
[38;5;0m[HTTP][0m [90m{}[39m
[38;5;0m[HTTP][0m [37m<-- GET /wd/hub/session/68cbca85-2132-456b-900e-acb8e23dd519/context [39m[32m200[39m [90m2 ms - 22[39m
[38;5;0m[HTTP][0m [90m[39m
[38;5;0m[HTTP][0m [37m-->[39m [37mGET[39m [37m/wd/hub/session/68cbca85-2132-456b-900e-acb8e23dd519/contexts[39m
[38;5;0m[HTTP][0m [90m{}[39m
[38;5;0m[HTTP][0m [37m<-- GET /wd/hub/session/68cbca85-2132-456b-900e-acb8e23dd519/contexts [39m[32m200[39m [90m270 ms - 24[39m
[38;5;0m[HTTP][0m [90m[39m
[38;5;0m[HTTP][0m [37m-->[39m [37mPOST[39m [37m/wd/hub/session/68cbca85-2132-456b-900e-acb8e23dd519/context[39m
[38;5;0m[HTTP][0m [90m{"name":"NATIVE_APP"}[39m
[38;5;0m[HTTP][0m [37m<-- POST /wd/hub/session/68cbca85-2132-456b-900e-acb8e23dd519/context [39m[32m200[39m [90m2 ms - 14[39m
[38;5;0m[HTTP][0m [90m[39m
[38;5;0m[HTTP][0m [37m-->[39m [37mPOST[39m [37m/wd/hub/session/68cbca85-2132-456b-900e-acb8e23dd519/appium/device/hide_keyboard[39m
[38;5;0m[HTTP][0m [90m{}[39m
[38;5;64m[ADB][0m Keyboard has no UI; no closing necessary
[38;5;0m[HTTP][0m [37m<-- POST /wd/hub/session/68cbca85-2132-456b-900e-acb8e23dd519/appium/device/hide_keyboard [39m[32m200[39m [90m72 ms - 15[39m
[38;5;0m[HTTP][0m [90m[39m
[38;5;0m[HTTP][0m [37m-->[39m [37mPOST[39m [37m/wd/hub/session/68cbca85-2132-456b-900e-acb8e23dd519/context[39m
[38;5;0m[HTTP][0m [90m{"name":"NATIVE_APP"}[39m
[38;5;0m[HTTP][0m [37m<-- POST /wd/hub/session/68cbca85-2132-456b-900e-acb8e23dd519/context [39m[32m200[39m [90m1 ms - 14[39m
[38;5;0m[HTTP][0m [90m[39m
[38;5;0m[HTTP][0m [37m-->[39m [37mPOST[39m [37m/wd/hub/session/68cbca85-2132-456b-900e-acb8e23dd519/timeouts[39m
[38;5;0m[HTTP][0m [90m{"implicit":50}[39m
[38;5;0m[HTTP][0m [37m<-- POST /wd/hub/session/68cbca85-2132-456b-900e-acb8e23dd519/timeouts [39m[32m200[39m [90m2 ms - 14[39m
[38;5;0m[HTTP][0m [90m[39m
[38;5;0m[HTTP][0m [37m-->[39m [37mGET[39m [37m/wd/hub/session/68cbca85-2132-456b-900e-acb8e23dd519/window/rect[39m
[38;5;0m[HTTP][0m [90m{}[39m
[38;5;0m[HTTP][0m [37m<-- GET /wd/hub/session/68cbca85-2132-456b-900e-acb8e23dd519/window/rect [39m[32m200[39m [90m25 ms - 50[39m
[38;5;0m[HTTP][0m [90m[39m
[38;5;0m[HTTP][0m [37m-->[39m [37mPOST[39m [37m/wd/hub/session/68cbca85-2132-456b-900e-acb8e23dd519/elements[39m
[38;5;0m[HTTP][0m [90m{"using":"xpath","value":"//*[@class = 'android.widget.Button' and (@text = 'PAY NOW' or . = 'PAY NOW') and @resource-id = 'com.Advantage.aShopping:id/buttonPayNow']"}[39m
[38;5;0m[HTTP][0m [37m<-- POST /wd/hub/session/68cbca85-2132-456b-900e-acb8e23dd519/elements [39m[32m200[39m [90m326 ms - 12[39m
[38;5;0m[HTTP][0m [90m[39m
[38;5;0m[HTTP][0m [37m-->[39m [37mPOST[39m [37m/wd/hub/session/68cbca85-2132-456b-900e-acb8e23dd519/elements[39m
[38;5;0m[HTTP][0m [90m{"using":"xpath","value":"//*[@class = 'android.widget.Button' and (@text = 'PAY NOW' or . = 'PAY NOW') and @resource-id = 'com.Advantage.aShopping:id/buttonPayNow']"}[39m
[38;5;0m[HTTP][0m [37m<-- POST /wd/hub/session/68cbca85-2132-456b-900e-acb8e23dd519/elements [39m[32m200[39m [90m102 ms - 12[39m
[38;5;0m[HTTP][0m [90m[39m
[38;5;0m[HTTP][0m [37m-->[39m [37mPOST[39m [37m/wd/hub/session/68cbca85-2132-456b-900e-acb8e23dd519/elements[39m
[38;5;0m[HTTP][0m [90m{"using":"xpath","value":"//*[@class = 'android.widget.Button' and (@text = 'PAY NOW' or . = 'PAY NOW') and @resource-id = 'com.Advantage.aShopping:id/buttonPayNow']"}[39m
[38;5;0m[HTTP][0m [37m<-- POST /wd/hub/session/68cbca85-2132-456b-900e-acb8e23dd519/elements [39m[32m200[39m [90m60 ms - 12[39m
[38;5;0m[HTTP][0m [90m[39m
[38;5;0m[HTTP][0m [37m-->[39m [37mPOST[39m [37m/wd/hub/session/68cbca85-2132-456b-900e-acb8e23dd519/elements[39m
[38;5;0m[HTTP][0m [90m{"using":"xpath","value":"//*[@class = 'android.widget.Button' and (@text = 'PAY NOW' or . = 'PAY NOW') and @resource-id = 'com.Advantage.aShopping:id/buttonPayNow']"}[39m
[38;5;0m[HTTP][0m [37m<-- POST /wd/hub/session/68cbca85-2132-456b-900e-acb8e23dd519/elements [39m[32m200[39m [90m114 ms - 12[39m
[38;5;0m[HTTP][0m [90m[39m
[38;5;0m[HTTP][0m [37m-->[39m [37mPOST[39m [37m/wd/hub/session/68cbca85-2132-456b-900e-acb8e23dd519/elements[39m
[38;5;0m[HTTP][0m [90m{"using":"xpath","value":"//*[@class = 'android.widget.Button' and (@text = 'PAY NOW' or . = 'PAY NOW') and @resource-id = 'com.Advantage.aShopping:id/buttonPayNow']"}[39m
[38;5;0m[HTTP][0m [37m<-- POST /wd/hub/session/68cbca85-2132-456b-900e-acb8e23dd519/elements [39m[32m200[39m [90m50 ms - 12[39m
[38;5;0m[HTTP][0m [90m[39m
[38;5;0m[HTTP][0m [37m-->[39m [37mPOST[39m [37m/wd/hub/session/68cbca85-2132-456b-900e-acb8e23dd519/elements[39m
[38;5;0m[HTTP][0m [90m{"using":"xpath","value":"//*[@class = 'android.widget.Button' and (@text = 'PAY NOW' or . = 'PAY NOW') and @resource-id = 'com.Advantage.aShopping:id/buttonPayNow']"}[39m
[38;5;0m[HTTP][0m [37m<-- POST /wd/hub/session/68cbca85-2132-456b-900e-acb8e23dd519/elements [39m[32m200[39m [90m136 ms - 12[39m
[38;5;0m[HTTP][0m [90m[39m
[38;5;0m[HTTP][0m [37m-->[39m [37mPOST[39m [37m/wd/hub/session/68cbca85-2132-456b-900e-acb8e23dd519/elements[39m
[38;5;0m[HTTP][0m [90m{"using":"xpath","value":"//*[@class = 'android.widget.Button' and (@text = 'PAY NOW' or . = 'PAY NOW') and @resource-id = 'com.Advantage.aShopping:id/buttonPayNow']"}[39m
[38;5;0m[HTTP][0m [37m<-- POST /wd/hub/session/68cbca85-2132-456b-900e-acb8e23dd519/elements [39m[32m200[39m [90m83 ms - 12[39m
[38;5;0m[HTTP][0m [90m[39m
[38;5;0m[HTTP][0m [37m-->[39m [37mPOST[39m [37m/wd/hub/session/68cbca85-2132-456b-900e-acb8e23dd519/elements[39m
[38;5;0m[HTTP][0m [90m{"using":"xpath","value":"//*[@class = 'android.widget.Button' and (@text = 'PAY NOW' or . = 'PAY NOW') and @resource-id = 'com.Advantage.aShopping:id/buttonPayNow']"}[39m
[38;5;0m[HTTP][0m [37m<-- POST /wd/hub/session/68cbca85-2132-456b-900e-acb8e23dd519/elements [39m[32m200[39m [90m86 ms - 12[39m
[38;5;0m[HTTP][0m [90m[39m
[38;5;0m[HTTP][0m [37m-->[39m [37mPOST[39m [37m/wd/hub/session/68cbca85-2132-456b-900e-acb8e23dd519/elements[39m
[38;5;0m[HTTP][0m [90m{"using":"xpath","value":"//*[@class = 'android.widget.Button' and (@text = 'PAY NOW' or . = 'PAY NOW') and @resource-id = 'com.Advantage.aShopping:id/buttonPayNow']"}[39m
[38;5;0m[HTTP][0m [37m<-- POST /wd/hub/session/68cbca85-2132-456b-900e-acb8e23dd519/elements [39m[32m200[39m [90m62 ms - 12[39m
[38;5;0m[HTTP][0m [90m[39m
[38;5;0m[HTTP][0m [37m-->[39m [37mPOST[39m [37m/wd/hub/session/68cbca85-2132-456b-900e-acb8e23dd519/elements[39m
[38;5;0m[HTTP][0m [90m{"using":"xpath","value":"//*[@class = 'android.widget.Button' and (@text = 'PAY NOW' or . = 'PAY NOW') and @resource-id = 'com.Advantage.aShopping:id/buttonPayNow']"}[39m
[38;5;0m[HTTP][0m [37m<-- POST /wd/hub/session/68cbca85-2132-456b-900e-acb8e23dd519/elements [39m[32m200[39m [90m114 ms - 12[39m
[38;5;0m[HTTP][0m [90m[39m
[38;5;0m[HTTP][0m [37m-->[39m [37mPOST[39m [37m/wd/hub/session/68cbca85-2132-456b-900e-acb8e23dd519/elements[39m
[38;5;0m[HTTP][0m [90m{"using":"xpath","value":"//*[@class = 'android.widget.Button' and (@text = 'PAY NOW' or . = 'PAY NOW') and @resource-id = 'com.Advantage.aShopping:id/buttonPayNow']"}[39m
[38;5;0m[HTTP][0m [37m<-- POST /wd/hub/session/68cbca85-2132-456b-900e-acb8e23dd519/elements [39m[32m200[39m [90m119 ms - 12[39m
[38;5;0m[HTTP][0m [90m[39m
[38;5;0m[HTTP][0m [37m-->[39m [37mPOST[39m [37m/wd/hub/session/68cbca85-2132-456b-900e-acb8e23dd519/elements[39m
[38;5;0m[HTTP][0m [90m{"using":"xpath","value":"//*[@class = 'android.widget.Button' and (@text = 'PAY NOW' or . = 'PAY NOW') and @resource-id = 'com.Advantage.aShopping:id/buttonPayNow']"}[39m
[38;5;0m[HTTP][0m [37m<-- POST /wd/hub/session/68cbca85-2132-456b-900e-acb8e23dd519/elements [39m[32m200[39m [90m55 ms - 12[39m
[38;5;0m[HTTP][0m [90m[39m
[38;5;0m[HTTP][0m [37m-->[39m [37mPOST[39m [37m/wd/hub/session/68cbca85-2132-456b-900e-acb8e23dd519/elements[39m
[38;5;0m[HTTP][0m [90m{"using":"xpath","value":"//*[@class = 'android.widget.Button' and (@text = 'PAY NOW' or . = 'PAY NOW') and @resource-id = 'com.Advantage.aShopping:id/buttonPayNow']"}[39m
[38;5;0m[HTTP][0m [37m<-- POST /wd/hub/session/68cbca85-2132-456b-900e-acb8e23dd519/elements [39m[32m200[39m [90m131 ms - 12[39m
[38;5;0m[HTTP][0m [90m[39m
[38;5;0m[HTTP][0m [37m-->[39m [37mPOST[39m [37m/wd/hub/session/68cbca85-2132-456b-900e-acb8e23dd519/elements[39m
[38;5;0m[HTTP][0m [90m{"using":"xpath","value":"//*[@class = 'android.widget.Button' and (@text = 'PAY NOW' or . = 'PAY NOW') and @resource-id = 'com.Advantage.aShopping:id/buttonPayNow']"}[39m
[38;5;0m[HTTP][0m [37m<-- POST /wd/hub/session/68cbca85-2132-456b-900e-acb8e23dd519/elements [39m[32m200[39m [90m116 ms - 12[39m
[38;5;0m[HTTP][0m [90m[39m
[38;5;0m[HTTP][0m [37m-->[39m [37mPOST[39m [37m/wd/hub/session/68cbca85-2132-456b-900e-acb8e23dd519/elements[39m
[38;5;0m[HTTP][0m [90m{"using":"xpath","value":"//*[@class = 'android.widget.Button' and (@text = 'PAY NOW' or . = 'PAY NOW') and @resource-id = 'com.Advantage.aShopping:id/buttonPayNow']"}[39m
[38;5;0m[HTTP][0m [37m<-- POST /wd/hub/session/68cbca85-2132-456b-900e-acb8e23dd519/elements [39m[32m200[39m [90m102 ms - 12[39m
[38;5;0m[HTTP][0m [90m[39m
[38;5;0m[HTTP][0m [37m-->[39m [37mPOST[39m [37m/wd/hub/session/68cbca85-2132-456b-900e-acb8e23dd519/elements[39m
[38;5;0m[HTTP][0m [90m{"using":"xpath","value":"//*[@class = 'android.widget.Button' and (@text = 'PAY NOW' or . = 'PAY NOW') and @resource-id = 'com.Advantage.aShopping:id/buttonPayNow']"}[39m
[38;5;0m[HTTP][0m [37m<-- POST /wd/hub/session/68cbca85-2132-456b-900e-acb8e23dd519/elements [39m[32m200[39m [90m51 ms - 12[39m
[38;5;0m[HTTP][0m [90m[39m
[38;5;0m[HTTP][0m [37m-->[39m [37mPOST[39m [37m/wd/hub/session/68cbca85-2132-456b-900e-acb8e23dd519/elements[39m
[38;5;0m[HTTP][0m [90m{"using":"xpath","value":"//*[@class = 'android.widget.Button' and (@text = 'PAY NOW' or . = 'PAY NOW') and @resource-id = 'com.Advantage.aShopping:id/buttonPayNow']"}[39m
[38;5;0m[HTTP][0m [37m<-- POST /wd/hub/session/68cbca85-2132-456b-900e-acb8e23dd519/elements [39m[32m200[39m [90m88 ms - 12[39m
[38;5;0m[HTTP][0m [90m[39m
[38;5;0m[HTTP][0m [37m-->[39m [37mPOST[39m [37m/wd/hub/session/68cbca85-2132-456b-900e-acb8e23dd519/elements[39m
[38;5;0m[HTTP][0m [90m{"using":"xpath","value":"//*[@class = 'android.widget.Button' and (@text = 'PAY NOW' or . = 'PAY NOW') and @resource-id = 'com.Advantage.aShopping:id/buttonPayNow']"}[39m
[38;5;0m[HTTP][0m [37m<-- POST /wd/hub/session/68cbca85-2132-456b-900e-acb8e23dd519/elements [39m[32m200[39m [90m52 ms - 12[39m
[38;5;0m[HTTP][0m [90m[39m
[38;5;0m[HTTP][0m [37m-->[39m [37mPOST[39m [37m/wd/hub/session/68cbca85-2132-456b-900e-acb8e23dd519/elements[39m
[38;5;0m[HTTP][0m [90m{"using":"xpath","value":"//*[@class = 'android.widget.Button' and (@text = 'PAY NOW' or . = 'PAY NOW') and @resource-id = 'com.Advantage.aShopping:id/buttonPayNow']"}[39m
[38;5;0m[HTTP][0m [37m<-- POST /wd/hub/session/68cbca85-2132-456b-900e-acb8e23dd519/elements [39m[32m200[39m [90m91 ms - 12[39m
[38;5;0m[HTTP][0m [90m[39m
[38;5;0m[HTTP][0m [37m-->[39m [37mPOST[39m [37m/wd/hub/session/68cbca85-2132-456b-900e-acb8e23dd519/elements[39m
[38;5;0m[HTTP][0m [90m{"using":"xpath","value":"//*[@class = 'android.widget.Button' and (@text = 'PAY NOW' or . = 'PAY NOW') and @resource-id = 'com.Advantage.aShopping:id/buttonPayNow']"}[39m
[38;5;0m[HTTP][0m [37m<-- POST /wd/hub/session/68cbca85-2132-456b-900e-acb8e23dd519/elements [39m[32m200[39m [90m117 ms - 12[39m
[38;5;0m[HTTP][0m [90m[39m
[38;5;0m[HTTP][0m [37m-->[39m [37mPOST[39m [37m/wd/hub/session/68cbca85-2132-456b-900e-acb8e23dd519/elements[39m
[38;5;0m[HTTP][0m [90m{"using":"xpath","value":"//*[@class = 'android.widget.Button' and (@text = 'PAY NOW' or . = 'PAY NOW') and @resource-id = 'com.Advantage.aShopping:id/buttonPayNow']"}[39m
[38;5;0m[HTTP][0m [37m<-- POST /wd/hub/session/68cbca85-2132-456b-900e-acb8e23dd519/elements [39m[32m200[39m [90m330 ms - 139[39m
[38;5;0m[HTTP][0m [90m[39m
[38;5;0m[HTTP][0m [37m-->[39m [37mGET[39m [37m/wd/hub/session/68cbca85-2132-456b-900e-acb8e23dd519/element/00000000-0000-099a-ffff-ffff00000167/location[39m
[38;5;0m[HTTP][0m [90m{}[39m
[38;5;48m[AndroidUiautomator2Driver@5ddb (68cbca85)][0m Driver proxy active, passing request on via HTTP proxy
[38;5;48m[AndroidUiautomator2Driver@5ddb (68cbca85)][0m Replacing sessionId 6df503db-9f36-4c4b-a38f-585aebe0b09d with 68cbca85-2132-456b-900e-acb8e23dd519
[38;5;0m[HTTP][0m [37m<-- GET /wd/hub/session/68cbca85-2132-456b-900e-acb8e23dd519/element/00000000-0000-099a-ffff-ffff00000167/location [39m[32m200[39m [90m513 ms - 77[39m
[38;5;0m[HTTP][0m [90m[39m
[38;5;0m[HTTP][0m [37m-->[39m [37mPOST[39m [37m/wd/hub/session/68cbca85-2132-456b-900e-acb8e23dd519/timeouts[39m
[38;5;0m[HTTP][0m [90m{"implicit":30000}[39m
[38;5;0m[HTTP][0m [37m<-- POST /wd/hub/session/68cbca85-2132-456b-900e-acb8e23dd519/timeouts [39m[32m200[39m [90m1 ms - 14[39m
[38;5;0m[HTTP][0m [90m[39m
[38;5;0m[HTTP][0m [37m-->[39m [37mPOST[39m [37m/wd/hub/session/68cbca85-2132-456b-900e-acb8e23dd519/element/00000000-0000-099a-ffff-ffff00000167/click[39m
[38;5;0m[HTTP][0m [90m{"id":"00000000-0000-099a-ffff-ffff00000167"}[39m
[38;5;0m[HTTP][0m [37m<-- POST /wd/hub/session/68cbca85-2132-456b-900e-acb8e23dd519/element/00000000-0000-099a-ffff-ffff00000167/click [39m[32m200[39m [90m36 ms - 14[39m
[38;5;0m[HTTP][0m [90m[39m
[38;5;0m[HTTP][0m [37m-->[39m [37mGET[39m [37m/wd/hub/session/68cbca85-2132-456b-900e-acb8e23dd519/context[39m
[38;5;0m[HTTP][0m [90m{}[39m
[38;5;0m[HTTP][0m [37m<-- GET /wd/hub/session/68cbca85-2132-456b-900e-acb8e23dd519/context [39m[32m200[39m [90m1 ms - 22[39m
[38;5;0m[HTTP][0m [90m[39m
[38;5;0m[HTTP][0m [37m-->[39m [37mGET[39m [37m/wd/hub/session/68cbca85-2132-456b-900e-acb8e23dd519/contexts[39m
[38;5;0m[HTTP][0m [90m{}[39m
[38;5;0m[HTTP][0m [37m<-- GET /wd/hub/session/68cbca85-2132-456b-900e-acb8e23dd519/contexts [39m[32m200[39m [90m277 ms - 24[39m
[38;5;0m[HTTP][0m [90m[39m
[38;5;0m[HTTP][0m [37m-->[39m [37mPOST[39m [37m/wd/hub/session/68cbca85-2132-456b-900e-acb8e23dd519/context[39m
[38;5;0m[HTTP][0m [90m{"name":"NATIVE_APP"}[39m
[38;5;0m[HTTP][0m [37m<-- POST /wd/hub/session/68cbca85-2132-456b-900e-acb8e23dd519/context [39m[32m200[39m [90m2 ms - 14[39m
[38;5;0m[HTTP][0m [90m[39m
[38;5;0m[HTTP][0m [37m-->[39m [37mPOST[39m [37m/wd/hub/session/68cbca85-2132-456b-900e-acb8e23dd519/appium/device/hide_keyboard[39m
[38;5;0m[HTTP][0m [90m{}[39m
[38;5;64m[ADB][0m Keyboard has no UI; no closing necessary
[38;5;0m[HTTP][0m [37m<-- POST /wd/hub/session/68cbca85-2132-456b-900e-acb8e23dd519/appium/device/hide_keyboard [39m[32m200[39m [90m65 ms - 15[39m
[38;5;0m[HTTP][0m [90m[39m
[38;5;0m[HTTP][0m [37m-->[39m [37mPOST[39m [37m/wd/hub/session/68cbca85-2132-456b-900e-acb8e23dd519/context[39m
[38;5;0m[HTTP][0m [90m{"name":"NATIVE_APP"}[39m
[38;5;0m[HTTP][0m [37m<-- POST /wd/hub/session/68cbca85-2132-456b-900e-acb8e23dd519/context [39m[32m200[39m [90m1 ms - 14[39m
[38;5;0m[HTTP][0m [90m[39m
[38;5;0m[HTTP][0m [37m-->[39m [37mGET[39m [37m/wd/hub/session/68cbca85-2132-456b-900e-acb8e23dd519/context[39m
[38;5;0m[HTTP][0m [90m{}[39m
[38;5;0m[HTTP][0m [37m<-- GET /wd/hub/session/68cbca85-2132-456b-900e-acb8e23dd519/context [39m[32m200[39m [90m1 ms - 22[39m
[38;5;0m[HTTP][0m [90m[39m
[38;5;0m[HTTP][0m [37m-->[39m [37mGET[39m [37m/wd/hub/session/68cbca85-2132-456b-900e-acb8e23dd519/contexts[39m
[38;5;0m[HTTP][0m [90m{}[39m
[38;5;0m[HTTP][0m [37m<-- GET /wd/hub/session/68cbca85-2132-456b-900e-acb8e23dd519/contexts [39m[32m200[39m [90m242 ms - 24[39m
[38;5;0m[HTTP][0m [90m[39m
[38;5;0m[HTTP][0m [37m-->[39m [37mPOST[39m [37m/wd/hub/session/68cbca85-2132-456b-900e-acb8e23dd519/context[39m
[38;5;0m[HTTP][0m [90m{"name":"NATIVE_APP"}[39m
[38;5;0m[HTTP][0m [37m<-- POST /wd/hub/session/68cbca85-2132-456b-900e-acb8e23dd519/context [39m[32m200[39m [90m1 ms - 14[39m
[38;5;0m[HTTP][0m [90m[39m
[38;5;0m[HTTP][0m [37m-->[39m [37mGET[39m [37m/wd/hub/session/68cbca85-2132-456b-900e-acb8e23dd519/appium/device/current_package[39m
[38;5;0m[HTTP][0m [90m{}[39m
[38;5;0m[HTTP][0m [37m<-- GET /wd/hub/session/68cbca85-2132-456b-900e-acb8e23dd519/appium/device/current_package [39m[32m200[39m [90m40 ms - 35[39m
[38;5;0m[HTTP][0m [90m[39m
[38;5;0m[HTTP][0m [37m-->[39m [37mPOST[39m [37m/wd/hub/session/68cbca85-2132-456b-900e-acb8e23dd519/appium/device/terminate_app[39m
[38;5;0m[HTTP][0m [90m{"bundleId":"com.Advantage.aShopping"}[39m
[38;5;48m[AndroidUiautomator2Driver@5ddb (68cbca85)][0m Terminating 'com.Advantage.aShopping'
[38;5;48m[AndroidUiautomator2Driver@5ddb (68cbca85)][0m Querying the state of 'com.Advantage.aShopping'
[38;5;0m[HTTP][0m [37m<-- POST /wd/hub/session/68cbca85-2132-456b-900e-acb8e23dd519/appium/device/terminate_app [39m[31m500[39m [90m1216 ms - 688[39m
[38;5;0m[HTTP][0m [90m[39m
[38;5;0m[HTTP][0m [37m-->[39m [37mPOST[39m [37m/wd/hub/session/68cbca85-2132-456b-900e-acb8e23dd519/context[39m
[38;5;0m[HTTP][0m [90m{"name":"NATIVE_APP"}[39m
[38;5;0m[HTTP][0m [37m<-- POST /wd/hub/session/68cbca85-2132-456b-900e-acb8e23dd519/context [39m[32m200[39m [90m1 ms - 14[39m
[38;5;0m[HTTP][0m [90m[39m
[38;5;0m[HTTP][0m [37m-->[39m [37mDELETE[39m [37m/wd/hub/session/68cbca85-2132-456b-900e-acb8e23dd519[39m
[38;5;0m[HTTP][0m [90m{}[39m
[38;5;16m[AppiumDriver@efa6][0m Removing session 68cbca85-2132-456b-900e-acb8e23dd519 from our master session list
[38;5;64m[ADB][0m com.Advantage.aShopping was successfully uninstalled
[38;5;0m[HTTP][0m [37m<-- DELETE /wd/hub/session/68cbca85-2132-456b-900e-acb8e23dd519 [39m[32m200[39m [90m771 ms - 14[39m
[38;5;0m[HTTP][0m [90m[39m
